========================================================
   Zero-Copy Camera to RTSP Streamer (v7 - Caps & Frame Size Fix)
========================================================
[INFO] Initializing CameraStreamer...
[151:17:53.157739872] [495016] [1;32m INFO [1;37mCamera [1;34mcamera_manager.cpp:326 [0mlibcamera v0.5.0+59-d83ff0a4
[151:17:53.207684246] [495024] [1;33m WARN [1;37mRPiSdn [1;34msdn.cpp:40 [0mUsing legacy SDN tuning - please consider moving SDN inside rpi.denoise
[151:17:53.211247917] [495024] [1;32m INFO [1;37mRPI [1;34mvc4.cpp:447 [0mRegistered camera /base/soc/i2c0mux/i2c@1/imx708@1a to Unicam device /dev/media0 and ISP device /dev/media2
[INFO] Using camera: /base/soc/i2c0mux/i2c@1/imx708@1a
[151:17:53.212238691] [495016] [1;32m INFO [1;37mCamera [1;34mcamera.cpp:1205 [0mconfiguring streams: (0) 1920x1080-NV12
[151:17:53.215809102] [495024] [1;32m INFO [1;37mRPI [1;34mvc4.cpp:622 [0mSensor: /base/soc/i2c0mux/i2c@1/imx708@1a - Selected sensor format: 2304x1296-SBGGR10_1X10 - Selected unicam format: 2304x1296-pBAA
[INFO] Stream configured: 1920x1080 NV12 with 8 buffers.
[INFO] Initializing GStreamer...
0:00:00.000193943 [35m495016[00m   0x5591dc2c00 [36mINFO   [00m [00;01;31m            GST_INIT gst.c:576:init_pre:[00m Initializing GStreamer Core Library version 1.22.0
0:00:00.000243980 [35m495016[00m   0x5591dc2c00 [36mINFO   [00m [00;01;31m            GST_INIT gst.c:577:init_pre:[00m Using library installed in /lib/aarch64-linux-gnu
0:00:00.000269128 [35m495016[00m   0x5591dc2c00 [36mINFO   [00m [00;01;31m            GST_INIT gst.c:595:init_pre:[00m Linux raspberrypi 6.12.34+rpt-rpi-v8 #1 SMP PREEMPT Debian 1:6.12.34-1+rpt1~bookworm (2025-06-26) aarch64
0:00:00.000678238 [35m495016[00m   0x5591dc2c00 [36mINFO   [00m [00;01;31m            GST_INIT gstmessage.c:129:_priv_gst_message_initialize:[00m init messages
0:00:00.001492068 [35m495016[00m   0x5591dc2c00 [36mINFO   [00m [00;01;31m            GST_INIT gstcontext.c:86:_priv_gst_context_initialize:[00m init contexts
0:00:00.001838159 [35m495016[00m   0x5591dc2c00 [36mINFO   [00m [00;01;36m  GST_PLUGIN_LOADING gstplugin.c:324:_priv_gst_plugin_initialize:[00m registering 0 static plugins
0:00:00.002052491 [35m495016[00m   0x5591dc2c00 [36mINFO   [00m [00;01;36m  GST_PLUGIN_LOADING gstplugin.c:232:gst_plugin_register_static:[00m registered static plugin "staticelements"
0:00:00.002080343 [35m495016[00m   0x5591dc2c00 [36mINFO   [00m [00;01;36m  GST_PLUGIN_LOADING gstplugin.c:234:gst_plugin_register_static:[00m added static plugin "staticelements", result: 1
0:00:00.002238342 [35m495016[00m   0x5591dc2c00 [36mINFO   [00m [00m        GST_REGISTRY gstregistry.c:1836:ensure_current_registry:[00m reading registry cache: /home/pi/.cache/gstreamer-1.0/registry.aarch64.bin
0:00:00.032819090 [35m495016[00m   0x5591dc2c00 [36mINFO   [00m [00m        GST_REGISTRY gstregistrybinary.c:683:priv_gst_registry_binary_read_cache:[00m loaded /home/pi/.cache/gstreamer-1.0/registry.aarch64.bin in 0.030506 seconds
0:00:00.033029885 [35m495016[00m   0x5591dc2c00 [36mINFO   [00m [00m        GST_REGISTRY gstregistry.c:1703:scan_and_update_registry:[00m Validating plugins from registry cache: /home/pi/.cache/gstreamer-1.0/registry.aarch64.bin
0:00:00.035776430 [35m495016[00m   0x5591dc2c00 [36mINFO   [00m [00m        GST_REGISTRY gstregistry.c:1795:scan_and_update_registry:[00m Registry cache has not changed
0:00:00.035819189 [35m495016[00m   0x5591dc2c00 [36mINFO   [00m [00m        GST_REGISTRY gstregistry.c:1871:ensure_current_registry:[00m registry reading and updating done
0:00:00.035836041 [35m495016[00m   0x5591dc2c00 [36mINFO   [00m [00;01;31m            GST_INIT gst.c:805:init_post:[00m GLib runtime version: 2.74.6
0:00:00.035845874 [35m495016[00m   0x5591dc2c00 [36mINFO   [00m [00;01;31m            GST_INIT gst.c:807:init_post:[00m GLib headers version: 2.74.6
0:00:00.035852596 [35m495016[00m   0x5591dc2c00 [36mINFO   [00m [00;01;31m            GST_INIT gst.c:809:init_post:[00m initialized GStreamer successfully
[INFO] Setting up DMA buffers...
[INFO] 8 DMA buffers mapped successfully.
[INFO] Starting RTSP Server...
[DEBUG] GStreamer Pipeline: appsrc name=mysrc ! queue ! v4l2h264enc ! video/x-h264,level=(string)4 ! rtph264pay name=pay0 pt=96
0:00:00.048277898 [35m495016[00m   0x5591dc2c00 [36mINFO   [00m [00m     rtspmountpoints rtsp-mount-points.c:360:gst_rtsp_mount_points_add_factory:[00m adding media factory 0x5592040480 for path /stream
[INFO] RTSP stream ready at: rtsp://<your-ip-address>:8554/stream
[INFO] Starting camera...
[INFO] Camera started and initial requests queued.
[DEBUG] 150 frames processed and sent to RTSP server.
0:00:07.123263652 [35m495016[00m   0x559201ea60 [36mINFO   [00m [00m          rtspclient rtsp-client.c:4693:gst_rtsp_client_set_connection:[00m client 0x7f8c00a110 connected to server ip 192.168.219.107, ipv6 = 0
0:00:07.123309152 [35m495016[00m   0x559201ea60 [36mINFO   [00m [00m          rtspclient rtsp-client.c:4697:gst_rtsp_client_set_connection:[00m added new client 0x7f8c00a110 ip 192.168.219.111:8470
0:00:07.123690299 [35m495016[00m   0x559201ea60 [36mINFO   [00m [00m          rtspclient rtsp-client.c:5349:gst_rtsp_client_attach:[00m client 0x7f8c00a110: attaching to context 0x7f8c00ce30
0:00:07.123687595 [35m495016[00m   0x7f8c005120 [36mINFO   [00m [00m      rtspthreadpool rtsp-thread-pool.c:329:do_loop:[00m enter mainloop of thread 0x7f8c00c020
0:00:07.133189187 [35m495016[00m   0x7f8c005120 [36mINFO   [00m [00m          rtspclient rtsp-client.c:4016:handle_request:[00m client 0x7f8c00a110: received a request OPTIONS rtsp://192.168.219.107:8554/stream 1.0
0:00:07.134061609 [35m495016[00m   0x7f8c005120 [36mINFO   [00m [00m          rtspclient rtsp-client.c:4016:handle_request:[00m client 0x7f8c00a110: received a request DESCRIBE rtsp://192.168.219.107:8554/stream 1.0
0:00:07.134139072 [35m495016[00m   0x7f8c005120 [36mINFO   [00m [00m     rtspmountpoints rtsp-mount-points.c:305:gst_rtsp_mount_points_match:[00m found media factory 0x5592040480 for path /stream
0:00:07.134172479 [35m495016[00m   0x7f8c005120 [36mINFO   [00m [00;01;37;41m        GST_PIPELINE gstparse.c:344:gst_parse_launch_full:[00m parsing pipeline description 'appsrc name=mysrc ! queue ! v4l2h264enc ! video/x-h264,level=(string)4 ! rtph264pay name=pay0 pt=96'
0:00:07.135042290 [35m495016[00m   0x7f8c005120 [36mINFO   [00m [00;01;36m  GST_PLUGIN_LOADING gstplugin.c:987:_priv_gst_plugin_load_file_for_registry:[00m plugin "/lib/aarch64-linux-gnu/gstreamer-1.0/libgstapp.so" loaded
0:00:07.135482992 [35m495016[00m   0x7f8c005120 [36mINFO   [00m [00;01;37;41m GST_ELEMENT_FACTORY gstelementfactory.c:489:gst_element_factory_create_with_properties:[00m creating element "appsrc"
0:00:07.135588566 [35m495016[00m   0x7f8c005120 [36mINFO   [00m [00;01;37;41m    GST_ELEMENT_PADS gstelement.c:758:gst_element_add_pad:<GstBaseSrc@0x7f8000cdd0>[00m adding pad 'src'
0:00:07.136982875 [35m495016[00m   0x7f8c005120 [36mINFO   [00m [00;01;36m  GST_PLUGIN_LOADING gstplugin.c:987:_priv_gst_plugin_load_file_for_registry:[00m plugin "/lib/aarch64-linux-gnu/gstreamer-1.0/libgstcoreelements.so" loaded
0:00:07.137200282 [35m495016[00m   0x7f8c005120 [36mINFO   [00m [00;01;37;41m GST_ELEMENT_FACTORY gstelementfactory.c:489:gst_element_factory_create_with_properties:[00m creating element "queue"
0:00:07.137266226 [35m495016[00m   0x7f8c005120 [36mINFO   [00m [00;01;37;41m    GST_ELEMENT_PADS gstelement.c:758:gst_element_add_pad:<GstQueue@0x7f80014100>[00m adding pad 'sink'
0:00:07.137299355 [35m495016[00m   0x7f8c005120 [36mINFO   [00m [00;01;37;41m    GST_ELEMENT_PADS gstelement.c:758:gst_element_add_pad:<GstQueue@0x7f80014100>[00m adding pad 'src'
0:00:07.155649263 [35m495016[00m   0x7f8c005120 [36mINFO   [00m [00;01;36m  GST_PLUGIN_LOADING gstplugin.c:987:_priv_gst_plugin_load_file_for_registry:[00m plugin "/lib/aarch64-linux-gnu/gstreamer-1.0/libgstvideo4linux2.so" loaded
0:00:07.155905670 [35m495016[00m   0x7f8c005120 [36mINFO   [00m [00;01;37;41m GST_ELEMENT_FACTORY gstelementfactory.c:489:gst_element_factory_create_with_properties:[00m creating element "v4l2h264enc"
0:00:07.155967243 [35m495016[00m   0x7f8c005120 [36mINFO   [00m [00;01;37;41m    GST_ELEMENT_PADS gstelement.c:758:gst_element_add_pad:<GstVideoEncoder@0x7f8002f200>[00m adding pad 'sink'
0:00:07.155993706 [35m495016[00m   0x7f8c005120 [36mINFO   [00m [00;01;37;41m    GST_ELEMENT_PADS gstelement.c:758:gst_element_add_pad:<GstVideoEncoder@0x7f8002f200>[00m adding pad 'src'
0:00:07.158015420 [35m495016[00m   0x7f8c005120 [36mINFO   [00m [00;01;36m  GST_PLUGIN_LOADING gstplugin.c:987:_priv_gst_plugin_load_file_for_registry:[00m plugin "/lib/aarch64-linux-gnu/gstreamer-1.0/libgstrtp.so" loaded
0:00:07.158327512 [35m495016[00m   0x7f8c005120 [36mINFO   [00m [00;01;37;41m GST_ELEMENT_FACTORY gstelementfactory.c:489:gst_element_factory_create_with_properties:[00m creating element "rtph264pay"
0:00:07.158405678 [35m495016[00m   0x7f8c005120 [36mINFO   [00m [00;01;37;41m    GST_ELEMENT_PADS gstelement.c:758:gst_element_add_pad:<GstRTPBasePayload@0x7f800462e0>[00m adding pad 'src'
0:00:07.158437048 [35m495016[00m   0x7f8c005120 [36mINFO   [00m [00;01;37;41m    GST_ELEMENT_PADS gstelement.c:758:gst_element_add_pad:<GstRTPBasePayload@0x7f800462e0>[00m adding pad 'sink'
0:00:07.158582492 [35m495016[00m   0x7f8c005120 [36mINFO   [00m [00;01;37;41m GST_ELEMENT_FACTORY gstelementfactory.c:489:gst_element_factory_create_with_properties:[00m creating element "bin"
0:00:07.158760232 [35m495016[00m   0x7f8c005120 [36mINFO   [00m [00;01;37;41m        GST_PIPELINE gst/parse/grammar.y:996:gst_parse_perform_link:[00m linking some pad of GstAppSrc named mysrc to some pad of GstQueue named queue0 (0/0) with caps "(NULL)"
0:00:07.158781843 [35m495016[00m   0x7f8c005120 [36mINFO   [00m [00;01;37;41m    GST_ELEMENT_PADS gstutils.c:1816:gst_element_link_pads_full:[00m trying to link element mysrc:(any) to element queue0:(any)
0:00:07.158798825 [35m495016[00m   0x7f8c005120 [36mINFO   [00m [00;01;31;44m            GST_PADS gstutils.c:1079:gst_pad_check_link:[00m trying to link mysrc:src and queue0:sink
0:00:07.158843565 [35m495016[00m   0x7f8c005120 [36mINFO   [00m [00;01;31;44m            GST_PADS gstpad.c:4367:gst_pad_peer_query:<queue0:src>[00m pad has no peer
0:00:07.158865972 [35m495016[00m   0x7f8c005120 [36mINFO   [00m [00;01;31;44m            GST_PADS gstutils.c:1632:prepare_link_maybe_ghosting:[00m mysrc and queue0 in same bin, no need for ghost pads
0:00:07.158892361 [35m495016[00m   0x7f8c005120 [36mINFO   [00m [00;01;31;44m            GST_PADS gstpad.c:2387:gst_pad_link_prepare:[00m trying to link mysrc:src and queue0:sink
0:00:07.158910176 [35m495016[00m   0x7f8c005120 [36mINFO   [00m [00;01;31;44m            GST_PADS gstpad.c:4367:gst_pad_peer_query:<queue0:src>[00m pad has no peer
0:00:07.158927972 [35m495016[00m   0x7f8c005120 [36mINFO   [00m [00;01;31;44m            GST_PADS gstpad.c:2595:gst_pad_link_full:[00m linked mysrc:src and queue0:sink, successful
0:00:07.158936139 [35m495016[00m   0x7f8c005120 [36mINFO   [00m [00;01;34m           GST_EVENT gstevent.c:1687:gst_event_new_reconfigure:[00m creating reconfigure event
0:00:07.158944398 [35m495016[00m   0x7f8c005120 [36mINFO   [00m [00;01;34m           GST_EVENT gstpad.c:5985:gst_pad_send_event_unchecked:<mysrc:src>[00m Received event on flushing pad. Discarding
0:00:07.158974046 [35m495016[00m   0x7f8c005120 [36mINFO   [00m [00;01;37;41m        GST_PIPELINE gst/parse/grammar.y:996:gst_parse_perform_link:[00m linking some pad of GstQueue named queue0 to some pad of v4l2h264enc named v4l2h264enc0 (0/0) with caps "(NULL)"
0:00:07.158985342 [35m495016[00m   0x7f8c005120 [36mINFO   [00m [00;01;37;41m    GST_ELEMENT_PADS gstutils.c:1816:gst_element_link_pads_full:[00m trying to link element queue0:(any) to element v4l2h264enc0:(any)
0:00:07.158997565 [35m495016[00m   0x7f8c005120 [36mINFO   [00m [00;01;31;44m            GST_PADS gstutils.c:1079:gst_pad_check_link:[00m trying to link queue0:src and v4l2h264enc0:sink
0:00:07.159025268 [35m495016[00m   0x7f8c005120 [36mINFO   [00m [00;01;31;44m            GST_PADS gstutils.c:1632:prepare_link_maybe_ghosting:[00m queue0 and v4l2h264enc0 in same bin, no need for ghost pads
0:00:07.159042324 [35m495016[00m   0x7f8c005120 [36mINFO   [00m [00;01;31;44m            GST_PADS gstpad.c:2387:gst_pad_link_prepare:[00m trying to link queue0:src and v4l2h264enc0:sink
0:00:07.159064509 [35m495016[00m   0x7f8c005120 [36mINFO   [00m [00;01;31;44m            GST_PADS gstpad.c:2595:gst_pad_link_full:[00m linked queue0:src and v4l2h264enc0:sink, successful
0:00:07.159071768 [35m495016[00m   0x7f8c005120 [36mINFO   [00m [00;01;34m           GST_EVENT gstevent.c:1687:gst_event_new_reconfigure:[00m creating reconfigure event
0:00:07.159078768 [35m495016[00m   0x7f8c005120 [36mINFO   [00m [00;01;34m           GST_EVENT gstpad.c:5985:gst_pad_send_event_unchecked:<queue0:src>[00m Received event on flushing pad. Discarding
0:00:07.159115620 [35m495016[00m   0x7f8c005120 [36mINFO   [00m [00;01;37;41m        GST_PIPELINE gst/parse/grammar.y:996:gst_parse_perform_link:[00m linking some pad of v4l2h264enc named v4l2h264enc0 to some pad of GstRtpH264Pay named pay0 (0/0) with caps "video/x-h264, level=(string)4"
0:00:07.159129620 [35m495016[00m   0x7f8c005120 [36mINFO   [00m [00;01;37;41m GST_ELEMENT_FACTORY gstelementfactory.c:489:gst_element_factory_create_with_properties:[00m creating element "capsfilter"
0:00:07.159310711 [35m495016[00m   0x7f8c005120 [36mINFO   [00m [00;01;37;41m    GST_ELEMENT_PADS gstelement.c:758:gst_element_add_pad:<GstBaseTransform@0x7f800502c0>[00m adding pad 'sink'
0:00:07.159340748 [35m495016[00m   0x7f8c005120 [36mINFO   [00m [00;01;37;41m    GST_ELEMENT_PADS gstelement.c:758:gst_element_add_pad:<GstBaseTransform@0x7f800502c0>[00m adding pad 'src'
0:00:07.159363378 [35m495016[00m   0x7f8c005120 [36mINFO   [00m [00;01;31m          GST_STATES gstbin.c:2069:gst_bin_get_state_func:<bin0>[00m getting state
0:00:07.159412137 [35m495016[00m   0x7f8c005120 [36mINFO   [00m [00;01;31m          GST_STATES gstelement.c:2816:gst_element_continue_state:<capsfilter0>[00m completed state change to NULL
0:00:07.159437359 [35m495016[00m   0x7f8c005120 [36mINFO   [00m [00;01;34m           GST_EVENT gstevent.c:1687:gst_event_new_reconfigure:[00m creating reconfigure event
0:00:07.159460340 [35m495016[00m   0x7f8c005120 [36mINFO   [00m [00;01;37;41m    GST_ELEMENT_PADS gstutils.c:1816:gst_element_link_pads_full:[00m trying to link element v4l2h264enc0:(any) to element capsfilter0:sink
0:00:07.159470822 [35m495016[00m   0x7f8c005120 [36mINFO   [00m [00;01;37;41m    GST_ELEMENT_PADS gstelement.c:1016:gst_element_get_static_pad:[00m found pad capsfilter0:sink
0:00:07.159481026 [35m495016[00m   0x7f8c005120 [36mINFO   [00m [00;01;31;44m            GST_PADS gstutils.c:1632:prepare_link_maybe_ghosting:[00m v4l2h264enc0 and capsfilter0 in same bin, no need for ghost pads
0:00:07.159501396 [35m495016[00m   0x7f8c005120 [36mINFO   [00m [00;01;31;44m            GST_PADS gstpad.c:2387:gst_pad_link_prepare:[00m trying to link v4l2h264enc0:src and capsfilter0:sink
0:00:07.159528914 [35m495016[00m   0x7f8c005120 [36mINFO   [00m [00;01;31;44m            GST_PADS gstpad.c:4367:gst_pad_peer_query:<capsfilter0:src>[00m pad has no peer
0:00:07.159570877 [35m495016[00m   0x7f8c005120 [36mINFO   [00m [00;01;31;44m            GST_PADS gstpad.c:2595:gst_pad_link_full:[00m linked v4l2h264enc0:src and capsfilter0:sink, successful
0:00:07.159583081 [35m495016[00m   0x7f8c005120 [36mINFO   [00m [00;01;34m           GST_EVENT gstevent.c:1687:gst_event_new_reconfigure:[00m creating reconfigure event
0:00:07.159592229 [35m495016[00m   0x7f8c005120 [36mINFO   [00m [00;01;34m           GST_EVENT gstpad.c:5985:gst_pad_send_event_unchecked:<v4l2h264enc0:src>[00m Received event on flushing pad. Discarding
0:00:07.159611969 [35m495016[00m   0x7f8c005120 [36mINFO   [00m [00;01;37;41m    GST_ELEMENT_PADS gstutils.c:1816:gst_element_link_pads_full:[00m trying to link element capsfilter0:src to element pay0:(any)
0:00:07.159621932 [35m495016[00m   0x7f8c005120 [36mINFO   [00m [00;01;37;41m    GST_ELEMENT_PADS gstelement.c:1016:gst_element_get_static_pad:[00m found pad capsfilter0:src
0:00:07.159635692 [35m495016[00m   0x7f8c005120 [36mINFO   [00m [00;01;31;44m            GST_PADS gstutils.c:1079:gst_pad_check_link:[00m trying to link capsfilter0:src and pay0:sink
0:00:07.159673617 [35m495016[00m   0x7f8c005120 [36mINFO   [00m [00;01;31;44m            GST_PADS gstpad.c:4367:gst_pad_peer_query:<pay0:src>[00m pad has no peer
0:00:07.159698673 [35m495016[00m   0x7f8c005120 [36mINFO   [00m [00;01;31;44m            GST_PADS gstutils.c:1632:prepare_link_maybe_ghosting:[00m capsfilter0 and pay0 in same bin, no need for ghost pads
0:00:07.159715839 [35m495016[00m   0x7f8c005120 [36mINFO   [00m [00;01;31;44m            GST_PADS gstpad.c:2387:gst_pad_link_prepare:[00m trying to link capsfilter0:src and pay0:sink
0:00:07.159740821 [35m495016[00m   0x7f8c005120 [36mINFO   [00m [00;01;31;44m            GST_PADS gstpad.c:4367:gst_pad_peer_query:<pay0:src>[00m pad has no peer
0:00:07.159759913 [35m495016[00m   0x7f8c005120 [36mINFO   [00m [00;01;31;44m            GST_PADS gstpad.c:2595:gst_pad_link_full:[00m linked capsfilter0:src and pay0:sink, successful
0:00:07.159766358 [35m495016[00m   0x7f8c005120 [36mINFO   [00m [00;01;34m           GST_EVENT gstevent.c:1687:gst_event_new_reconfigure:[00m creating reconfigure event
0:00:07.159773617 [35m495016[00m   0x7f8c005120 [36mINFO   [00m [00;01;34m           GST_EVENT gstpad.c:5985:gst_pad_send_event_unchecked:<capsfilter0:src>[00m Received event on flushing pad. Discarding
0:00:07.160010894 [35m495016[00m   0x7f8c005120 [36mINFO   [00m [00;01;37;41m       GST_PARENTAGE gstbin.c:4384:gst_bin_get_by_name:[00m [bin0]: looking up child element pay0
0:00:07.160039227 [35m495016[00m   0x7f8c005120 [36mINFO   [00m [00m           rtspmedia rtsp-media.c:2210:gst_rtsp_media_collect_streams:[00m found stream 0 with payloader 0x7f800462e0
0:00:07.160052560 [35m495016[00m   0x7f8c005120 [36mINFO   [00m [00;01;37;41m    GST_ELEMENT_PADS gstelement.c:1016:gst_element_get_static_pad:[00m found pad pay0:src
0:00:07.160187412 [35m495016[00m   0x7f8c005120 [36mINFO   [00m [00;01;31;44m            GST_PADS gstpad.c:2387:gst_pad_link_prepare:[00m trying to link pay0:src and src_0:proxypad0
0:00:07.160202060 [35m495016[00m   0x7f8c005120 [36mINFO   [00m [00;01;31;44m            GST_PADS gstpad.c:2595:gst_pad_link_full:[00m linked pay0:src and src_0:proxypad0, successful
0:00:07.160208652 [35m495016[00m   0x7f8c005120 [36mINFO   [00m [00;01;34m           GST_EVENT gstevent.c:1687:gst_event_new_reconfigure:[00m creating reconfigure event
0:00:07.160216615 [35m495016[00m   0x7f8c005120 [36mINFO   [00m [00;01;34m           GST_EVENT gstpad.c:5985:gst_pad_send_event_unchecked:<pay0:src>[00m Received event on flushing pad. Discarding
0:00:07.160244782 [35m495016[00m   0x7f8c005120 [36mINFO   [00m [00;01;37;41m    GST_ELEMENT_PADS gstelement.c:758:gst_element_add_pad:<bin0>[00m adding pad 'src_0'
0:00:07.160390837 [35m495016[00m   0x7f8c005120 [36mINFO   [00m [00;01;37;41m       GST_PARENTAGE gstbin.c:4384:gst_bin_get_by_name:[00m [bin0]: looking up child element dynpay0
0:00:07.160421411 [35m495016[00m   0x7f8c005120 [36mINFO   [00m [00;01;37;41m       GST_PARENTAGE gstbin.c:4384:gst_bin_get_by_name:[00m [bin0]: looking up child element depay0
0:00:07.160437725 [35m495016[00m   0x7f8c005120 [36mINFO   [00m [00;01;37;41m       GST_PARENTAGE gstbin.c:4384:gst_bin_get_by_name:[00m [bin0]: looking up child element pay1
0:00:07.160453744 [35m495016[00m   0x7f8c005120 [36mINFO   [00m [00;01;37;41m       GST_PARENTAGE gstbin.c:4384:gst_bin_get_by_name:[00m [bin0]: looking up child element dynpay1
0:00:07.160468485 [35m495016[00m   0x7f8c005120 [36mINFO   [00m [00;01;37;41m       GST_PARENTAGE gstbin.c:4384:gst_bin_get_by_name:[00m [bin0]: looking up child element depay1
0:00:07.160495651 [35m495016[00m   0x7f8c005120 [36mINFO   [00m [00;01;37;41m GST_ELEMENT_FACTORY gstelementfactory.c:489:gst_element_factory_create_with_properties:[00m creating element "pipeline"
[DEBUG] Media configure callback triggered.
0:00:07.160751650 [35m495016[00m   0x7f8c005120 [36mINFO   [00m [00;01;37;41m       GST_PARENTAGE gstbin.c:4384:gst_bin_get_by_name:[00m [bin0]: looking up child element mysrc
[DEBUG] Setting appsrc caps to: video/x-raw, format=(string)NV12, width=(int)1920, height=(int)1080, framerate=(fraction)30/1, interlace-mode=(string)progressive, colorimetry=(string)bt709
0:00:07.160930260 [35m495016[00m   0x7f8c005120 [36mINFO   [00m [00m    rtspmediafactory rtsp-media-factory.c:1452:gst_rtsp_media_factory_construct:[00m constructed media 0x7f800531b0 for url /stream
0:00:07.161212148 [35m495016[00m   0x7f8c005120 [36mINFO   [00m [00m           rtspmedia rtsp-media.c:3923:gst_rtsp_media_prepare:[00m preparing media 0x7f800531b0
0:00:07.161392647 [35m495016[00m   0x7f8001d760 [36mINFO   [00m [00m      rtspthreadpool rtsp-thread-pool.c:329:do_loop:[00m enter mainloop of thread 0x7f80029ee0
0:00:07.163044382 [35m495016[00m   0x7f8c005120 [36mINFO   [00m [00;01;36m  GST_PLUGIN_LOADING gstplugin.c:987:_priv_gst_plugin_load_file_for_registry:[00m plugin "/lib/aarch64-linux-gnu/gstreamer-1.0/libgstrtpmanager.so" loaded
0:00:07.163096752 [35m495016[00m   0x7f8c005120 [36mINFO   [00m [00;01;37;41m GST_ELEMENT_FACTORY gstelementfactory.c:489:gst_element_factory_create_with_properties:[00m creating element "rtpbin"
0:00:07.164290840 [35m495016[00m   0x7f8001d760 [36mINFO   [00m [00m          rtspstream rtsp-stream.c:3970:gst_rtsp_stream_join_bin:[00m stream 0x7f80058370 joining bin as session 0
0:00:07.164337839 [35m495016[00m   0x7f8001d760 [36mINFO   [00m [00;01;37;41m    GST_ELEMENT_PADS gstelement.c:1013:gst_element_get_static_pad:[00m no such pad 'send_rtp_sink_0' in element "rtpbin0"
0:00:07.164368173 [35m495016[00m   0x7f8001d760 [36mINFO   [00m [00;01;37;41m GST_ELEMENT_FACTORY gstelementfactory.c:489:gst_element_factory_create_with_properties:[00m creating element "rtpsession"
0:00:07.165074966 [35m495016[00m   0x7f8001d760 [36mINFO   [00m [00;01;37;41m GST_ELEMENT_FACTORY gstelementfactory.c:489:gst_element_factory_create_with_properties:[00m creating element "rtpssrcdemux"
0:00:07.165240891 [35m495016[00m   0x7f8001d760 [36mINFO   [00m [00;01;37;41m    GST_ELEMENT_PADS gstelement.c:758:gst_element_add_pad:<GstRtpSsrcDemux@0x7f8c00a650>[00m adding pad 'sink'
0:00:07.165274595 [35m495016[00m   0x7f8001d760 [36mINFO   [00m [00;01;37;41m    GST_ELEMENT_PADS gstelement.c:758:gst_element_add_pad:<GstRtpSsrcDemux@0x7f8c00a650>[00m adding pad 'rtcp_sink'
0:00:07.165295595 [35m495016[00m   0x7f8001d760 [36mINFO   [00m [00;01;37;41m GST_ELEMENT_FACTORY gstelementfactory.c:489:gst_element_factory_create_with_properties:[00m creating element "rtpstorage"
0:00:07.165394354 [35m495016[00m   0x7f8001d760 [36mINFO   [00m [00;01;37;41m    GST_ELEMENT_PADS gstelement.c:758:gst_element_add_pad:<GstRtpStorage@0x7f800495a0>[00m adding pad 'src'
0:00:07.165409761 [35m495016[00m   0x7f8001d760 [36mINFO   [00m [00;01;37;41m    GST_ELEMENT_PADS gstelement.c:758:gst_element_add_pad:<GstRtpStorage@0x7f800495a0>[00m adding pad 'sink'
0:00:07.165592094 [35m495016[00m   0x7f8001d760 [36mINFO   [00m [00;01;31m          GST_STATES gstelement.c:2816:gst_element_continue_state:<rtpssrcdemux0>[00m completed state change to NULL
0:00:07.165608834 [35m495016[00m   0x7f8001d760 [36mINFO   [00m [00;01;31m          GST_STATES gstelement.c:2816:gst_element_continue_state:<rtpsession0>[00m completed state change to NULL
0:00:07.165619371 [35m495016[00m   0x7f8001d760 [36mINFO   [00m [00;01;31m          GST_STATES gstelement.c:2816:gst_element_continue_state:<rtpstorage0>[00m completed state change to NULL
0:00:07.165643649 [35m495016[00m   0x7f8001d760 [36mINFO   [00m [00;01;37;41m    GST_ELEMENT_PADS gstelement.c:1013:gst_element_get_static_pad:[00m no such pad 'send_rtp_sink' in element "rtpsession0"
0:00:07.165688075 [35m495016[00m   0x7f8001d760 [36mINFO   [00m [00;01;37;41m    GST_ELEMENT_PADS gstelement.c:758:gst_element_add_pad:<rtpsession0>[00m adding pad 'send_rtp_sink'
0:00:07.165716926 [35m495016[00m   0x7f8001d760 [36mINFO   [00m [00;01;37;41m    GST_ELEMENT_PADS gstelement.c:758:gst_element_add_pad:<rtpsession0>[00m adding pad 'send_rtp_src'
0:00:07.165729297 [35m495016[00m   0x7f8001d760 [36mINFO   [00m [00;01;37;41m    GST_ELEMENT_PADS gstelement.c:1016:gst_element_get_static_pad:[00m found pad rtpsession0:send_rtp_src
0:00:07.165798019 [35m495016[00m   0x7f8001d760 [36mINFO   [00m [00;01;31;44m            GST_PADS gstpad.c:2387:gst_pad_link_prepare:[00m trying to link rtpsession0:send_rtp_src and send_rtp_src_0:proxypad1
0:00:07.165845593 [35m495016[00m   0x7f8001d760 [36mINFO   [00m [00;01;31;44m            GST_PADS gstpad.c:2595:gst_pad_link_full:[00m linked rtpsession0:send_rtp_src and send_rtp_src_0:proxypad1, successful
0:00:07.165855370 [35m495016[00m   0x7f8001d760 [36mINFO   [00m [00;01;34m           GST_EVENT gstevent.c:1687:gst_event_new_reconfigure:[00m creating reconfigure event
0:00:07.165904240 [35m495016[00m   0x7f8001d760 [36mINFO   [00m [00;01;37;41m    GST_ELEMENT_PADS gstelement.c:758:gst_element_add_pad:<rtpbin0>[00m adding pad 'send_rtp_src_0'
0:00:07.165950611 [35m495016[00m   0x7f8001d760 [36mINFO   [00m [00;01;31;44m            GST_PADS gstpad.c:2387:gst_pad_link_prepare:[00m trying to link send_rtp_sink_0:proxypad2 and rtpsession0:send_rtp_sink
0:00:07.165967148 [35m495016[00m   0x7f8001d760 [36mINFO   [00m [00;01;31;44m            GST_PADS gstpad.c:2595:gst_pad_link_full:[00m linked send_rtp_sink_0:proxypad2 and rtpsession0:send_rtp_sink, successful
0:00:07.165973925 [35m495016[00m   0x7f8001d760 [36mINFO   [00m [00;01;34m           GST_EVENT gstevent.c:1687:gst_event_new_reconfigure:[00m creating reconfigure event
0:00:07.166004166 [35m495016[00m   0x7f8001d760 [36mINFO   [00m [00;01;37;41m    GST_ELEMENT_PADS gstelement.c:758:gst_element_add_pad:<rtpbin0>[00m adding pad 'send_rtp_sink_0'
0:00:07.166042407 [35m495016[00m   0x7f8001d760 [36mINFO   [00m [00;01;31;44m            GST_PADS gstpad.c:2387:gst_pad_link_prepare:[00m trying to link bin0:src_0 and rtpbin0:send_rtp_sink_0
0:00:07.166112203 [35m495016[00m   0x7f8001d760 [36mINFO   [00m [00;01;31;44m            GST_PADS gstpad.c:2595:gst_pad_link_full:[00m linked bin0:src_0 and rtpbin0:send_rtp_sink_0, successful
0:00:07.166123128 [35m495016[00m   0x7f8001d760 [36mINFO   [00m [00;01;34m           GST_EVENT gstevent.c:1687:gst_event_new_reconfigure:[00m creating reconfigure event
0:00:07.166136369 [35m495016[00m   0x7f8001d760 [36mINFO   [00m [00;01;34m           GST_EVENT gstpad.c:5985:gst_pad_send_event_unchecked:<pay0:src>[00m Received event on flushing pad. Discarding
0:00:07.166162851 [35m495016[00m   0x7f8001d760 [36mINFO   [00m [00;01;37;41m    GST_ELEMENT_PADS gstelement.c:1016:gst_element_get_static_pad:[00m found pad rtpbin0:send_rtp_src_0
0:00:07.166185221 [35m495016[00m   0x7f8001d760 [36mINFO   [00m [00;01;37;41m    GST_ELEMENT_PADS gstelement.c:1013:gst_element_get_static_pad:[00m no such pad 'send_rtcp_src_0' in element "rtpbin0"
0:00:07.166228906 [35m495016[00m   0x7f8001d760 [36mINFO   [00m [00;01;37;41m    GST_ELEMENT_PADS gstelement.c:1013:gst_element_get_static_pad:[00m no such pad 'send_rtcp_src' in element "rtpsession0"
0:00:07.166290202 [35m495016[00m   0x7f8001d760 [36mINFO   [00m [00;01;37;41m    GST_ELEMENT_PADS gstelement.c:758:gst_element_add_pad:<rtpsession0>[00m adding pad 'send_rtcp_src'
0:00:07.166359979 [35m495016[00m   0x7f8001d760 [36mINFO   [00m [00;01;31;44m            GST_PADS gstpad.c:2387:gst_pad_link_prepare:[00m trying to link rtpsession0:send_rtcp_src and send_rtcp_src_0:proxypad3
0:00:07.166386461 [35m495016[00m   0x7f8001d760 [36mINFO   [00m [00;01;31;44m            GST_PADS gstpad.c:2595:gst_pad_link_full:[00m linked rtpsession0:send_rtcp_src and send_rtcp_src_0:proxypad3, successful
0:00:07.166393739 [35m495016[00m   0x7f8001d760 [36mINFO   [00m [00;01;34m           GST_EVENT gstevent.c:1687:gst_event_new_reconfigure:[00m creating reconfigure event
0:00:07.166423350 [35m495016[00m   0x7f8001d760 [36mINFO   [00m [00;01;37;41m    GST_ELEMENT_PADS gstelement.c:758:gst_element_add_pad:<rtpbin0>[00m adding pad 'send_rtcp_src_0'
0:00:07.166442090 [35m495016[00m   0x7f8001d760 [36mINFO   [00m [00;01;37;41m    GST_ELEMENT_PADS gstelement.c:1013:gst_element_get_static_pad:[00m no such pad 'recv_rtcp_sink_0' in element "rtpbin0"
0:00:07.166464257 [35m495016[00m   0x7f8001d760 [36mINFO   [00m [00;01;37;41m    GST_ELEMENT_PADS gstelement.c:1013:gst_element_get_static_pad:[00m no such pad 'recv_rtcp_sink' in element "rtpsession0"
0:00:07.166501016 [35m495016[00m   0x7f8001d760 [36mINFO   [00m [00;01;37;41m    GST_ELEMENT_PADS gstelement.c:758:gst_element_add_pad:<rtpsession0>[00m adding pad 'recv_rtcp_sink'
0:00:07.166531071 [35m495016[00m   0x7f8001d760 [36mINFO   [00m [00;01;37;41m    GST_ELEMENT_PADS gstelement.c:758:gst_element_add_pad:<rtpsession0>[00m adding pad 'sync_src'
0:00:07.167298087 [35m495016[00m   0x7f8001d760 [36mINFO   [00m [00;01;37;41m    GST_ELEMENT_PADS gstelement.c:1016:gst_element_get_static_pad:[00m found pad rtpsession0:sync_src
0:00:07.167326235 [35m495016[00m   0x7f8001d760 [36mINFO   [00m [00;01;37;41m    GST_ELEMENT_PADS gstelement.c:1016:gst_element_get_static_pad:[00m found pad rtpssrcdemux0:rtcp_sink
0:00:07.167363661 [35m495016[00m   0x7f8001d760 [36mINFO   [00m [00;01;31;44m            GST_PADS gstpad.c:2387:gst_pad_link_prepare:[00m trying to link rtpsession0:sync_src and rtpssrcdemux0:rtcp_sink
0:00:07.167379290 [35m495016[00m   0x7f8001d760 [36mINFO   [00m [00;01;31;44m            GST_PADS gstpad.c:2595:gst_pad_link_full:[00m linked rtpsession0:sync_src and rtpssrcdemux0:rtcp_sink, successful
0:00:07.167387346 [35m495016[00m   0x7f8001d760 [36mINFO   [00m [00;01;34m           GST_EVENT gstevent.c:1687:gst_event_new_reconfigure:[00m creating reconfigure event
0:00:07.167488271 [35m495016[00m   0x7f8001d760 [36mINFO   [00m [00;01;31;44m            GST_PADS gstpad.c:2387:gst_pad_link_prepare:[00m trying to link recv_rtcp_sink_0:proxypad4 and rtpsession0:recv_rtcp_sink
0:00:07.167503271 [35m495016[00m   0x7f8001d760 [36mINFO   [00m [00;01;31;44m            GST_PADS gstpad.c:2595:gst_pad_link_full:[00m linked recv_rtcp_sink_0:proxypad4 and rtpsession0:recv_rtcp_sink, successful
0:00:07.167509567 [35m495016[00m   0x7f8001d760 [36mINFO   [00m [00;01;34m           GST_EVENT gstevent.c:1687:gst_event_new_reconfigure:[00m creating reconfigure event
0:00:07.167538660 [35m495016[00m   0x7f8001d760 [36mINFO   [00m [00;01;37;41m    GST_ELEMENT_PADS gstelement.c:758:gst_element_add_pad:<rtpbin0>[00m adding pad 'recv_rtcp_sink_0'
0:00:07.167673104 [35m495016[00m   0x7f8001d760 [36mINFO   [00m [00m           rtspmedia rtsp-media.c:3580:start_preroll:[00m setting pipeline to PAUSED for media 0x7f800531b0
0:00:07.167705585 [35m495016[00m   0x7f8001d760 [36mINFO   [00m [00m           rtspmedia rtsp-media.c:3169:set_target_state:[00m set target state to PAUSED for media 0x7f800531b0
0:00:07.167717363 [35m495016[00m   0x7f8001d760 [36mINFO   [00m [00m           rtspmedia rtsp-media.c:3156:set_state:[00m set state to PAUSED for media 0x7f800531b0
0:00:07.167778085 [35m495016[00m   0x7f8001d760 [36mINFO   [00m [00;01;31m          GST_STATES gstbin.c:2479:gst_bin_element_set_state:<rtpbin0>[00m current NULL pending VOID_PENDING, desired next READY
0:00:07.167822677 [35m495016[00m   0x7f8001d760 [36mINFO   [00m [00;01;31m          GST_STATES gstbin.c:2479:gst_bin_element_set_state:<rtpstorage0>[00m current NULL pending VOID_PENDING, desired next READY
0:00:07.167834918 [35m495016[00m   0x7f8001d760 [36mINFO   [00m [00;01;31m          GST_STATES gstelement.c:2816:gst_element_continue_state:<rtpstorage0>[00m completed state change to READY
0:00:07.167844640 [35m495016[00m   0x7f8001d760 [36mINFO   [00m [00;01;31m          GST_STATES gstelement.c:2716:_priv_gst_element_state_changed:<rtpstorage0>[00m notifying about state-changed NULL to READY (VOID_PENDING pending)
0:00:07.167892177 [35m495016[00m   0x7f8001d760 [36mINFO   [00m [00;01;31m          GST_STATES gstbin.c:2935:gst_bin_change_state_func:<rtpbin0>[00m child 'rtpstorage0' changed state to 2(READY) successfully
0:00:07.167907010 [35m495016[00m   0x7f8001d760 [36mINFO   [00m [00;01;31m          GST_STATES gstbin.c:2479:gst_bin_element_set_state:<rtpssrcdemux0>[00m current NULL pending VOID_PENDING, desired next READY
0:00:07.167917492 [35m495016[00m   0x7f8001d760 [36mINFO   [00m [00;01;31m          GST_STATES gstelement.c:2816:gst_element_continue_state:<rtpssrcdemux0>[00m completed state change to READY
0:00:07.167926529 [35m495016[00m   0x7f8001d760 [36mINFO   [00m [00;01;31m          GST_STATES gstelement.c:2716:_priv_gst_element_state_changed:<rtpssrcdemux0>[00m notifying about state-changed NULL to READY (VOID_PENDING pending)
0:00:07.167941121 [35m495016[00m   0x7f8001d760 [36mINFO   [00m [00;01;31m          GST_STATES gstbin.c:2935:gst_bin_change_state_func:<rtpbin0>[00m child 'rtpssrcdemux0' changed state to 2(READY) successfully
0:00:07.167955936 [35m495016[00m   0x7f8001d760 [36mINFO   [00m [00;01;31m          GST_STATES gstbin.c:2479:gst_bin_element_set_state:<rtpsession0>[00m current NULL pending VOID_PENDING, desired next READY
0:00:07.167966010 [35m495016[00m   0x7f8001d760 [36mINFO   [00m [00;01;31m          GST_STATES gstelement.c:2816:gst_element_continue_state:<rtpsession0>[00m completed state change to READY
0:00:07.167974658 [35m495016[00m   0x7f8001d760 [36mINFO   [00m [00;01;31m          GST_STATES gstelement.c:2716:_priv_gst_element_state_changed:<rtpsession0>[00m notifying about state-changed NULL to READY (VOID_PENDING pending)
0:00:07.167988880 [35m495016[00m   0x7f8001d760 [36mINFO   [00m [00;01;31m          GST_STATES gstbin.c:2935:gst_bin_change_state_func:<rtpbin0>[00m child 'rtpsession0' changed state to 2(READY) successfully
0:00:07.168004936 [35m495016[00m   0x7f8001d760 [36mINFO   [00m [00;01;31m          GST_STATES gstelement.c:2816:gst_element_continue_state:<rtpbin0>[00m completed state change to READY
0:00:07.168013825 [35m495016[00m   0x7f8001d760 [36mINFO   [00m [00;01;31m          GST_STATES gstelement.c:2716:_priv_gst_element_state_changed:<rtpbin0>[00m notifying about state-changed NULL to READY (VOID_PENDING pending)
0:00:07.168027769 [35m495016[00m   0x7f8001d760 [36mINFO   [00m [00;01;31m          GST_STATES gstbin.c:2935:gst_bin_change_state_func:<media-pipeline>[00m child 'rtpbin0' changed state to 2(READY) successfully
0:00:07.168039121 [35m495016[00m   0x7f8001d760 [36mINFO   [00m [00;01;31m          GST_STATES gstbin.c:2479:gst_bin_element_set_state:<bin0>[00m current NULL pending VOID_PENDING, desired next READY
0:00:07.168076287 [35m495016[00m   0x7f8001d760 [36mINFO   [00m [00;01;31m          GST_STATES gstbin.c:2479:gst_bin_element_set_state:<pay0>[00m current NULL pending VOID_PENDING, desired next READY
0:00:07.168091121 [35m495016[00m   0x7f8001d760 [36mINFO   [00m [00;01;31m          GST_STATES gstelement.c:2816:gst_element_continue_state:<pay0>[00m completed state change to READY
0:00:07.168100065 [35m495016[00m   0x7f8001d760 [36mINFO   [00m [00;01;31m          GST_STATES gstelement.c:2716:_priv_gst_element_state_changed:<pay0>[00m notifying about state-changed NULL to READY (VOID_PENDING pending)
0:00:07.168114769 [35m495016[00m   0x7f8001d760 [36mINFO   [00m [00;01;31m          GST_STATES gstbin.c:2935:gst_bin_change_state_func:<bin0>[00m child 'pay0' changed state to 2(READY) successfully
0:00:07.168127435 [35m495016[00m   0x7f8001d760 [36mINFO   [00m [00;01;31m          GST_STATES gstbin.c:2479:gst_bin_element_set_state:<capsfilter0>[00m current NULL pending VOID_PENDING, desired next READY
0:00:07.168137176 [35m495016[00m   0x7f8001d760 [36mINFO   [00m [00;01;31m          GST_STATES gstelement.c:2816:gst_element_continue_state:<capsfilter0>[00m completed state change to READY
0:00:07.168151787 [35m495016[00m   0x7f8001d760 [36mINFO   [00m [00;01;31m          GST_STATES gstelement.c:2716:_priv_gst_element_state_changed:<capsfilter0>[00m notifying about state-changed NULL to READY (VOID_PENDING pending)
0:00:07.168167083 [35m495016[00m   0x7f8001d760 [36mINFO   [00m [00;01;31m          GST_STATES gstbin.c:2935:gst_bin_change_state_func:<bin0>[00m child 'capsfilter0' changed state to 2(READY) successfully
0:00:07.168179713 [35m495016[00m   0x7f8001d760 [36mINFO   [00m [00;01;31m          GST_STATES gstbin.c:2479:gst_bin_element_set_state:<v4l2h264enc0>[00m current NULL pending VOID_PENDING, desired next READY
0:00:07.168370138 [35m495016[00m   0x7f8001d760 [36mINFO   [00m [00m                v4l2 v4l2_calls.c:588:gst_v4l2_open:<v4l2h264enc0:sink>[00m Opened device 'bcm2835-codec-encode' (/dev/video11) successfully
0:00:07.168389453 [35m495016[00m   0x7f8001d760 [36mINFO   [00m [00m                v4l2 v4l2_calls.c:684:gst_v4l2_dup:<v4l2h264enc0:src>[00m Cloned device 'bcm2835-codec-encode' (/dev/video11) successfully
0:00:07.168447138 [35m495016[00m   0x7f8001d760 [36mINFO   [00m [00m                v4l2 gstv4l2object.c:1219:gst_v4l2_object_fill_format_list:<v4l2h264enc0:sink>[00m got 14 format(s):
0:00:07.168458471 [35m495016[00m   0x7f8001d760 [36mINFO   [00m [00m                v4l2 gstv4l2object.c:1223:gst_v4l2_object_fill_format_list:<v4l2h264enc0:sink>[00m   YUYV
0:00:07.168467045 [35m495016[00m   0x7f8001d760 [36mINFO   [00m [00m                v4l2 gstv4l2object.c:1223:gst_v4l2_object_fill_format_list:<v4l2h264enc0:sink>[00m   UYVY
0:00:07.168475638 [35m495016[00m   0x7f8001d760 [36mINFO   [00m [00m                v4l2 gstv4l2object.c:1223:gst_v4l2_object_fill_format_list:<v4l2h264enc0:sink>[00m   NV12
0:00:07.168485415 [35m495016[00m   0x7f8001d760 [36mINFO   [00m [00m                v4l2 gstv4l2object.c:1223:gst_v4l2_object_fill_format_list:<v4l2h264enc0:sink>[00m   YU12
0:00:07.168494137 [35m495016[00m   0x7f8001d760 [36mINFO   [00m [00m                v4l2 gstv4l2object.c:1223:gst_v4l2_object_fill_format_list:<v4l2h264enc0:sink>[00m   YV12
0:00:07.168502712 [35m495016[00m   0x7f8001d760 [36mINFO   [00m [00m                v4l2 gstv4l2object.c:1223:gst_v4l2_object_fill_format_list:<v4l2h264enc0:sink>[00m   BGR4
0:00:07.168511100 [35m495016[00m   0x7f8001d760 [36mINFO   [00m [00m                v4l2 gstv4l2object.c:1223:gst_v4l2_object_fill_format_list:<v4l2h264enc0:sink>[00m   AB24
0:00:07.168519711 [35m495016[00m   0x7f8001d760 [36mINFO   [00m [00m                v4l2 gstv4l2object.c:1223:gst_v4l2_object_fill_format_list:<v4l2h264enc0:sink>[00m   BGR3
0:00:07.168527860 [35m495016[00m   0x7f8001d760 [36mINFO   [00m [00m                v4l2 gstv4l2object.c:1223:gst_v4l2_object_fill_format_list:<v4l2h264enc0:sink>[00m   RGB3
0:00:07.168535989 [35m495016[00m   0x7f8001d760 [36mINFO   [00m [00m                v4l2 gstv4l2object.c:1223:gst_v4l2_object_fill_format_list:<v4l2h264enc0:sink>[00m   NV21
0:00:07.168544045 [35m495016[00m   0x7f8001d760 [36mINFO   [00m [00m                v4l2 gstv4l2object.c:1223:gst_v4l2_object_fill_format_list:<v4l2h264enc0:sink>[00m   RGBP
0:00:07.168551952 [35m495016[00m   0x7f8001d760 [36mINFO   [00m [00m                v4l2 gstv4l2object.c:1223:gst_v4l2_object_fill_format_list:<v4l2h264enc0:sink>[00m   NC12
0:00:07.168559952 [35m495016[00m   0x7f8001d760 [36mINFO   [00m [00m                v4l2 gstv4l2object.c:1223:gst_v4l2_object_fill_format_list:<v4l2h264enc0:sink>[00m   VYUY
0:00:07.168567804 [35m495016[00m   0x7f8001d760 [36mINFO   [00m [00m                v4l2 gstv4l2object.c:1223:gst_v4l2_object_fill_format_list:<v4l2h264enc0:sink>[00m   YVYU
0:00:07.170140594 [35m495016[00m   0x7f8001d760 [36mINFO   [00m [00m                v4l2 gstv4l2object.c:4738:gst_v4l2_object_probe_caps:<v4l2h264enc0:sink>[00m probed caps: video/x-raw, format=(string)YUY2, width=(int)[ 32, 1920, 2 ], height=(int)[ 32, 1920, 2 ], framerate=(fraction)[ 0/1, 2147483647/1 ], interlace-mode=(string)progressive, colorimetry=(string){ bt709, bt601, smpte240m, 1:3:5:1, 2:4:5:2, 2:4:5:3, 1:4:7:1, 2:4:7:1, 2:4:12:8, bt2020, 2:0:0:0 }; video/x-raw, format=(string)UYVY, width=(int)[ 32, 1920, 2 ], height=(int)[ 32, 1920, 2 ], framerate=(fraction)[ 0/1, 2147483647/1 ], interlace-mode=(string)progressive, colorimetry=(string){ bt709, bt601, smpte240m, 1:3:5:1, 2:4:5:2, 2:4:5:3, 1:4:7:1, 2:4:7:1, 2:4:12:8, bt2020, 2:0:0:0 }; video/x-raw, format=(string)NV12, width=(int)[ 32, 1920, 2 ], height=(int)[ 32, 1920, 2 ], framerate=(fraction)[ 0/1, 2147483647/1 ], interlace-mode=(string)progressive, colorimetry=(string){ bt709, bt601, smpte240m, 1:3:5:1, 2:4:5:2, 2:4:5:3, 1:4:7:1, 2:4:7:1, 2:4:12:8, bt2020, 2:0:0:0 }; video/x-raw, format=(string)I420, width=(int)[ 32, 1920, 2 ], height=(int)[ 32, 1920, 2 ], framerate=(fraction)[ 0/1, 2147483647/1 ], interlace-mode=(string)progressive, colorimetry=(string){ bt709, bt601, smpte240m, 1:3:5:1, 2:4:5:2, 2:4:5:3, 1:4:7:1, 2:4:7:1, 2:4:12:8, bt2020, 2:0:0:0 }; video/x-raw, format=(string)YV12, width=(int)[ 32, 1920, 2 ], height=(int)[ 32, 1920, 2 ], framerate=(fraction)[ 0/1, 2147483647/1 ], interlace-mode=(string)progressive, colorimetry=(string){ bt709, bt601, smpte240m, 1:3:5:1, 2:4:5:2, 2:4:5:3, 1:4:7:1, 2:4:7:1, 2:4:12:8, bt2020, 2:0:0:0 }; video/x-raw, format=(string)BGRx, width=(int)[ 32, 1920, 2 ], height=(int)[ 32, 1920, 2 ], framerate=(fraction)[ 0/1, 2147483647/1 ], interlace-mode=(string)progressive, colorimetry=(string){ 1:1:5:1, 1:1:16:4, 1:1:6:5, 1:1:5:2, 1:1:5:3, sRGB, 1:1:12:8, 2:1:11:7, 1:1:0:0 }; video/x-raw, format=(string)RGBA, width=(int)[ 32, 1920, 2 ], height=(int)[ 32, 1920, 2 ], framerate=(fraction)[ 0/1, 2147483647/1 ], interlace-mode=(string)progressive, colorimetry=(string){ 1:1:5:1, 1:1:16:4, 1:1:6:5, 1:1:5:2, 1:1:5:3, sRGB, 1:1:12:8, 2:1:11:7, 1:1:0:0 }; video/x-raw, format=(string)BGR, width=(int)[ 32, 1920, 2 ], height=(int)[ 32, 1920, 2 ], framerate=(fraction)[ 0/1, 2147483647/1 ], interlace-mode=(string)progressive, colorimetry=(string){ 1:1:5:1, 1:1:16:4, 1:1:6:5, 1:1:5:2, 1:1:5:3, sRGB, 1:1:12:8, 2:1:11:7, 1:1:0:0 }; video/x-raw, format=(string)RGB, width=(int)[ 32, 1920, 2 ], height=(int)[ 32, 1920, 2 ], framerate=(fraction)[ 0/1, 2147483647/1 ], interlace-mode=(string)progressive, colorimetry=(string){ 1:1:5:1, 1:1:16:4, 1:1:6:5, 1:1:5:2, 1:1:5:3, sRGB, 1:1:12:8, 2:1:11:7, 1:1:0:0 }; video/x-raw, format=(string)NV21, width=(int)[ 32, 1920, 2 ], height=(int)[ 32, 1920, 2 ], framerate=(fraction)[ 0/1, 2147483647/1 ], interlace-mode=(string)progressive, colorimetry=(string){ bt709, bt601, smpte240m, 1:3:5:1, 2:4:5:2, 2:4:5:3, 1:4:7:1, 2:4:7:1, 2:4:12:8, bt2020, 2:0:0:0 }; video/x-raw, format=(string)RGB16, width=(int)[ 32, 1920, 2 ], height=(int)[ 32, 1920, 2 ], framerate=(fraction)[ 0/1, 2147483647/1 ], interlace-mode=(string)progressive, colorimetry=(string){ 1:1:5:1, 1:1:16:4, 1:1:6:5, 1:1:5:2, 1:1:5:3, sRGB, 1:1:12:8, 2:1:11:7, 1:1:0:0 }; video/x-raw, format=(string)YVYU, width=(int)[ 32, 1920, 2 ], height=(int)[ 32, 1920, 2 ], framerate=(fraction)[ 0/1, 2147483647/1 ], interlace-mode=(string)progressive, colorimetry=(string){ bt709, bt601, smpte240m, 1:3:5:1, 2:4:5:2, 2:4:5:3, 1:4:7:1, 2:4:7:1, 2:4:12:8, bt2020, 2:0:0:0 }; video/x-raw(format:Interlaced), format=(string)YUY2, width=(int)[ 32, 1920, 2 ], height=(int)[ 32, 1920, 2 ], framerate=(fraction)[ 0/1, 2147483647/1 ], interlace-mode=(string)alternate, colorimetry=(string){ bt709, bt601, smpte240m, 1:3:5:1, 2:4:5:2, 2:4:5:3, 1:4:7:1, 2:4:7:1, 2:4:12:8, bt2020, 2:0:0:0 }; video/x-raw(format:Interlaced), format=(string)UYVY, width=(int)[ 32, 1920, 2 ], height=(int)[ 32, 1920, 2 ], framerate=(fraction)[ 0/1, 2147483647/1 ], interlace-mode=(string)alternate, colorimetry=(string){ bt709, bt601, smpte240m, 1:3:5:1, 2:4:5:2, 2:4:5:3, 1:4:7:1, 2:4:7:1, 2:4:12:8, bt2020, 2:0:0:0 }; video/x-raw(format:Interlaced), format=(string)NV12, width=(int)[ 32, 1920, 2 ], height=(int)[ 32, 1920, 2 ], framerate=(fraction)[ 0/1, 2147483647/1 ], interlace-mode=(string)alternate, colorimetry=(string){ bt709, bt601, smpte240m, 1:3:5:1, 2:4:5:2, 2:4:5:3, 1:4:7:1, 2:4:7:1, 2:4:12:8, bt2020, 2:0:0:0 }; video/x-raw(format:Interlaced), format=(string)I420, width=(int)[ 32, 1920, 2 ], height=(int)[ 32, 1920, 2 ], framerate=(fraction)[ 0/1, 2147483647/1 ], interlace-mode=(string)alternate, colorimetry=(string){ bt709, bt601, smpte240m, 1:3:5:1, 2:4:5:2, 2:4:5:3, 1:4:7:1, 2:4:7:1, 2:4:12:8, bt2020, 2:0:0:0 }; video/x-raw(format:Interlaced), format=(string)YV12, width=(int)[ 32, 1920, 2 ], height=(int)[ 32, 1920, 2 ], framerate=(fraction)[ 0/1, 2147483647/1 ], interlace-mode=(string)alternate, colorimetry=(string){ bt709, bt601, smpte240m, 1:3:5:1, 2:4:5:2, 2:4:5:3, 1:4:7:1, 2:4:7:1, 2:4:12:8, bt2020, 2:0:0:0 }; video/x-raw(format:Interlaced), format=(string)BGRx, width=(int)[ 32, 1920, 2 ], height=(int)[ 32, 1920, 2 ], framerate=(fraction)[ 0/1, 2147483647/1 ], interlace-mode=(string)alternate, colorimetry=(string){ 1:1:5:1, 1:1:16:4, 1:1:6:5, 1:1:5:2, 1:1:5:3, sRGB, 1:1:12:8, 2:1:11:7, 1:1:0:0 }; video/x-raw(format:Interlaced), format=(string)RGBA, width=(int)[ 32, 1920, 2 ], height=(int)[ 32, 1920, 2 ], framerate=(fraction)[ 0/1, 2147483647/1 ], interlace-mode=(string)alternate, colorimetry=(string){ 1:1:5:1, 1:1:16:4, 1:1:6:5, 1:1:5:2, 1:1:5:3, sRGB, 1:1:12:8, 2:1:11:7, 1:1:0:0 }; video/x-raw(format:Interlaced), format=(string)BGR, width=(int)[ 32, 1920, 2 ], height=(int)[ 32, 1920, 2 ], framerate=(fraction)[ 0/1, 2147483647/1 ], interlace-mode=(string)alternate, colorimetry=(string){ 1:1:5:1, 1:1:16:4, 1:1:6:5, 1:1:5:2, 1:1:5:3, sRGB, 1:1:12:8, 2:1:11:7, 1:1:0:0 }; video/x-raw(format:Interlaced), format=(string)RGB, width=(int)[ 32, 1920, 2 ], height=(int)[ 32, 1920, 2 ], framerate=(fraction)[ 0/1, 2147483647/1 ], interlace-mode=(string)alternate, colorimetry=(string){ 1:1:5:1, 1:1:16:4, 1:1:6:5, 1:1:5:2, 1:1:5:3, sRGB, 1:1:12:8, 2:1:11:7, 1:1:0:0 }; video/x-raw(format:Interlaced), format=(string)NV21, width=(int)[ 32, 1920, 2 ], height=(int)[ 32, 1920, 2 ], framerate=(fraction)[ 0/1, 2147483647/1 ], interlace-mode=(string)alternate, colorimetry=(string){ bt709, bt601, smpte240m, 1:3:5:1, 2:4:5:2, 2:4:5:3, 1:4:7:1, 2:4:7:1, 2:4:12:8, bt2020, 2:0:0:0 }; video/x-raw(format:Interlaced), format=(string)RGB16, width=(int)[ 32, 1920, 2 ], height=(int)[ 32, 1920, 2 ], framerate=(fraction)[ 0/1, 2147483647/1 ], interlace-mode=(string)alternate, colorimetry=(string){ 1:1:5:1, 1:1:16:4, 1:1:6:5, 1:1:5:2, 1:1:5:3, sRGB, 1:1:12:8, 2:1:11:7, 1:1:0:0 }; video/x-raw(format:Interlaced), format=(string)YVYU, width=(int)[ 32, 1920, 2 ], height=(int)[ 32, 1920, 2 ], framerate=(fraction)[ 0/1, 2147483647/1 ], interlace-mode=(string)alternate, colorimetry=(string){ bt709, bt601, smpte240m, 1:3:5:1, 2:4:5:2, 2:4:5:3, 1:4:7:1, 2:4:7:1, 2:4:12:8, bt2020, 2:0:0:0 }
0:00:07.170199353 [35m495016[00m   0x7f8001d760 [36mINFO   [00m [00m                v4l2 gstv4l2object.c:1219:gst_v4l2_object_fill_format_list:<v4l2h264enc0:src>[00m got 2 format(s):
0:00:07.170211908 [35m495016[00m   0x7f8001d760 [36mINFO   [00m [00m                v4l2 gstv4l2object.c:1223:gst_v4l2_object_fill_format_list:<v4l2h264enc0:src>[00m   MJPG
0:00:07.170222131 [35m495016[00m   0x7f8001d760 [36mINFO   [00m [00m                v4l2 gstv4l2object.c:1223:gst_v4l2_object_fill_format_list:<v4l2h264enc0:src>[00m   H264
0:00:07.170289038 [35m495016[00m   0x7f8001d760 [33;01mWARN   [00m [00m                v4l2 gstv4l2object.c:4675:gst_v4l2_object_probe_caps:<v4l2h264enc0:src>[00m Failed to probe pixel aspect ratio with VIDIOC_CROPCAP: Invalid argument
0:00:07.170438074 [35m495016[00m   0x7f8001d760 [36mINFO   [00m [00m                v4l2 gstv4l2object.c:4738:gst_v4l2_object_probe_caps:<v4l2h264enc0:src>[00m probed caps: video/x-h264, stream-format=(string)byte-stream, alignment=(string)au, level=(string){ 1, 1b, 1.1, 1.2, 1.3, 2, 2.1, 2.2, 3, 3.1, 3.2, 4, 4.1, 4.2, 5, 5.1 }, profile=(string){ baseline, constrained-baseline, main, high }, width=(int)[ 32, 1920, 2 ], height=(int)[ 32, 1920, 2 ], colorimetry=(string){ bt601, smpte240m, bt709, 1:3:5:1, 2:4:5:2, 2:4:5:3, 1:4:7:1, 2:4:7:1, 2:4:12:8, bt2020, 2:0:0:0 }, framerate=(fraction)[ 0/1, 2147483647/1 ]
0:00:07.170461333 [35m495016[00m   0x7f8001d760 [36mINFO   [00m [00;01;31m          GST_STATES gstelement.c:2816:gst_element_continue_state:<v4l2h264enc0>[00m completed state change to READY
0:00:07.170473778 [35m495016[00m   0x7f8001d760 [36mINFO   [00m [00;01;31m          GST_STATES gstelement.c:2716:_priv_gst_element_state_changed:<v4l2h264enc0>[00m notifying about state-changed NULL to READY (VOID_PENDING pending)
0:00:07.170513111 [35m495016[00m   0x7f8001d760 [36mINFO   [00m [00;01;31m          GST_STATES gstbin.c:2935:gst_bin_change_state_func:<bin0>[00m child 'v4l2h264enc0' changed state to 2(READY) successfully
0:00:07.170572537 [35m495016[00m   0x7f8001d760 [36mINFO   [00m [00;01;31m          GST_STATES gstbin.c:2479:gst_bin_element_set_state:<queue0>[00m current NULL pending VOID_PENDING, desired next READY
0:00:07.170591222 [35m495016[00m   0x7f8001d760 [36mINFO   [00m [00;01;31m          GST_STATES gstelement.c:2816:gst_element_continue_state:<queue0>[00m completed state change to READY
0:00:07.170600648 [35m495016[00m   0x7f8001d760 [36mINFO   [00m [00;01;31m          GST_STATES gstelement.c:2716:_priv_gst_element_state_changed:<queue0>[00m notifying about state-changed NULL to READY (VOID_PENDING pending)
0:00:07.170624703 [35m495016[00m   0x7f8001d760 [36mINFO   [00m [00;01;31m          GST_STATES gstbin.c:2935:gst_bin_change_state_func:<bin0>[00m child 'queue0' changed state to 2(READY) successfully
0:00:07.170638388 [35m495016[00m   0x7f8001d760 [36mINFO   [00m [00;01;31m          GST_STATES gstbin.c:2479:gst_bin_element_set_state:<mysrc>[00m current NULL pending VOID_PENDING, desired next READY
0:00:07.170650592 [35m495016[00m   0x7f8001d760 [36mINFO   [00m [00;01;31m          GST_STATES gstelement.c:2816:gst_element_continue_state:<mysrc>[00m completed state change to READY
0:00:07.170659203 [35m495016[00m   0x7f8001d760 [36mINFO   [00m [00;01;31m          GST_STATES gstelement.c:2716:_priv_gst_element_state_changed:<mysrc>[00m notifying about state-changed NULL to READY (VOID_PENDING pending)
0:00:07.170674407 [35m495016[00m   0x7f8001d760 [36mINFO   [00m [00;01;31m          GST_STATES gstbin.c:2935:gst_bin_change_state_func:<bin0>[00m child 'mysrc' changed state to 2(READY) successfully
0:00:07.170689962 [35m495016[00m   0x7f8001d760 [36mINFO   [00m [00;01;31m          GST_STATES gstelement.c:2816:gst_element_continue_state:<bin0>[00m completed state change to READY
0:00:07.170699351 [35m495016[00m   0x7f8001d760 [36mINFO   [00m [00;01;31m          GST_STATES gstelement.c:2716:_priv_gst_element_state_changed:<bin0>[00m notifying about state-changed NULL to READY (VOID_PENDING pending)
0:00:07.170723240 [35m495016[00m   0x7f8001d760 [36mINFO   [00m [00;01;31m          GST_STATES gstbin.c:2935:gst_bin_change_state_func:<media-pipeline>[00m child 'bin0' changed state to 2(READY) successfully
0:00:07.170738777 [35m495016[00m   0x7f8001d760 [36mINFO   [00m [00;01;31m          GST_STATES gstelement.c:2788:gst_element_continue_state:<media-pipeline>[00m committing state from NULL to READY, pending PAUSED, next PAUSED
0:00:07.170748184 [35m495016[00m   0x7f8001d760 [36mINFO   [00m [00;01;31m          GST_STATES gstelement.c:2716:_priv_gst_element_state_changed:<media-pipeline>[00m notifying about state-changed NULL to READY (PAUSED pending)
0:00:07.170760591 [35m495016[00m   0x7f8001d760 [36mINFO   [00m [00;01;31m          GST_STATES gstelement.c:2796:gst_element_continue_state:<media-pipeline>[00m continue state change READY to PAUSED, final PAUSED
0:00:07.170793258 [35m495016[00m   0x7f8001d760 [36mINFO   [00m [00;01;31m          GST_STATES gstbin.c:2479:gst_bin_element_set_state:<rtpbin0>[00m current READY pending VOID_PENDING, desired next PAUSED
0:00:07.170836998 [35m495016[00m   0x7f8001d760 [36mINFO   [00m [00;01;31m          GST_STATES gstbin.c:2479:gst_bin_element_set_state:<rtpstorage0>[00m current READY pending VOID_PENDING, desired next PAUSED
0:00:07.170856702 [35m495016[00m   0x7f8001d760 [36mINFO   [00m [00;01;31m          GST_STATES gstelement.c:2816:gst_element_continue_state:<rtpstorage0>[00m completed state change to PAUSED
0:00:07.170866869 [35m495016[00m   0x7f8001d760 [36mINFO   [00m [00;01;31m          GST_STATES gstelement.c:2716:_priv_gst_element_state_changed:<rtpstorage0>[00m notifying about state-changed READY to PAUSED (VOID_PENDING pending)
0:00:07.170886535 [35m495016[00m   0x7f8001d760 [36mINFO   [00m [00;01;31m          GST_STATES gstbin.c:2935:gst_bin_change_state_func:<rtpbin0>[00m child 'rtpstorage0' changed state to 3(PAUSED) successfully
0:00:07.170901072 [35m495016[00m   0x7f8001d760 [36mINFO   [00m [00;01;31m          GST_STATES gstbin.c:2479:gst_bin_element_set_state:<rtpssrcdemux0>[00m current READY pending VOID_PENDING, desired next PAUSED
0:00:07.170919072 [35m495016[00m   0x7f8001d760 [36mINFO   [00m [00;01;31m          GST_STATES gstelement.c:2816:gst_element_continue_state:<rtpssrcdemux0>[00m completed state change to PAUSED
0:00:07.170928905 [35m495016[00m   0x7f8001d760 [36mINFO   [00m [00;01;31m          GST_STATES gstelement.c:2716:_priv_gst_element_state_changed:<rtpssrcdemux0>[00m notifying about state-changed READY to PAUSED (VOID_PENDING pending)
0:00:07.170944331 [35m495016[00m   0x7f8001d760 [36mINFO   [00m [00;01;31m          GST_STATES gstbin.c:2935:gst_bin_change_state_func:<rtpbin0>[00m child 'rtpssrcdemux0' changed state to 3(PAUSED) successfully
0:00:07.170957979 [35m495016[00m   0x7f8001d760 [36mINFO   [00m [00;01;31m          GST_STATES gstbin.c:2479:gst_bin_element_set_state:<rtpsession0>[00m current READY pending VOID_PENDING, desired next PAUSED
0:00:07.170976183 [35m495016[00m   0x7f8001d760 [36mINFO   [00m [00;01;31m          GST_STATES gstelement.c:2816:gst_element_continue_state:<rtpsession0>[00m completed state change to PAUSED
0:00:07.170985590 [35m495016[00m   0x7f8001d760 [36mINFO   [00m [00;01;31m          GST_STATES gstelement.c:2716:_priv_gst_element_state_changed:<rtpsession0>[00m notifying about state-changed READY to PAUSED (VOID_PENDING pending)
0:00:07.171001572 [35m495016[00m   0x7f8001d760 [36mINFO   [00m [00;01;31m          GST_STATES gstbin.c:2935:gst_bin_change_state_func:<rtpbin0>[00m child 'rtpsession0' changed state to 3(PAUSED) successfully
0:00:07.171020016 [35m495016[00m   0x7f8001d760 [36mINFO   [00m [00;01;31m          GST_STATES gstelement.c:2816:gst_element_continue_state:<rtpbin0>[00m completed state change to PAUSED
0:00:07.171029720 [35m495016[00m   0x7f8001d760 [36mINFO   [00m [00;01;31m          GST_STATES gstelement.c:2716:_priv_gst_element_state_changed:<rtpbin0>[00m notifying about state-changed READY to PAUSED (VOID_PENDING pending)
0:00:07.171045238 [35m495016[00m   0x7f8001d760 [36mINFO   [00m [00;01;31m          GST_STATES gstbin.c:2935:gst_bin_change_state_func:<media-pipeline>[00m child 'rtpbin0' changed state to 3(PAUSED) successfully
0:00:07.171057775 [35m495016[00m   0x7f8001d760 [36mINFO   [00m [00;01;31m          GST_STATES gstbin.c:2479:gst_bin_element_set_state:<bin0>[00m current READY pending VOID_PENDING, desired next PAUSED
0:00:07.171092979 [35m495016[00m   0x7f8001d760 [36mINFO   [00m [00;01;31m          GST_STATES gstbin.c:2479:gst_bin_element_set_state:<pay0>[00m current READY pending VOID_PENDING, desired next PAUSED
0:00:07.171139219 [35m495016[00m   0x7f8001d760 [36mINFO   [00m [00;01;31m          GST_STATES gstelement.c:2816:gst_element_continue_state:<pay0>[00m completed state change to PAUSED
0:00:07.171149719 [35m495016[00m   0x7f8001d760 [36mINFO   [00m [00;01;31m          GST_STATES gstelement.c:2716:_priv_gst_element_state_changed:<pay0>[00m notifying about state-changed READY to PAUSED (VOID_PENDING pending)
0:00:07.171167367 [35m495016[00m   0x7f8001d760 [36mINFO   [00m [00;01;31m          GST_STATES gstbin.c:2935:gst_bin_change_state_func:<bin0>[00m child 'pay0' changed state to 3(PAUSED) successfully
0:00:07.171182701 [35m495016[00m   0x7f8001d760 [36mINFO   [00m [00;01;31m          GST_STATES gstbin.c:2479:gst_bin_element_set_state:<capsfilter0>[00m current READY pending VOID_PENDING, desired next PAUSED
0:00:07.171210960 [35m495016[00m   0x7f8001d760 [36mINFO   [00m [00;01;31m          GST_STATES gstelement.c:2816:gst_element_continue_state:<capsfilter0>[00m completed state change to PAUSED
0:00:07.171221108 [35m495016[00m   0x7f8001d760 [36mINFO   [00m [00;01;31m          GST_STATES gstelement.c:2716:_priv_gst_element_state_changed:<capsfilter0>[00m notifying about state-changed READY to PAUSED (VOID_PENDING pending)
0:00:07.171237052 [35m495016[00m   0x7f8001d760 [36mINFO   [00m [00;01;31m          GST_STATES gstbin.c:2935:gst_bin_change_state_func:<bin0>[00m child 'capsfilter0' changed state to 3(PAUSED) successfully
0:00:07.171250145 [35m495016[00m   0x7f8001d760 [36mINFO   [00m [00;01;31m          GST_STATES gstbin.c:2479:gst_bin_element_set_state:<v4l2h264enc0>[00m current READY pending VOID_PENDING, desired next PAUSED
0:00:07.171277811 [35m495016[00m   0x7f8001d760 [36mINFO   [00m [00;01;31m          GST_STATES gstelement.c:2816:gst_element_continue_state:<v4l2h264enc0>[00m completed state change to PAUSED
0:00:07.171288089 [35m495016[00m   0x7f8001d760 [36mINFO   [00m [00;01;31m          GST_STATES gstelement.c:2716:_priv_gst_element_state_changed:<v4l2h264enc0>[00m notifying about state-changed READY to PAUSED (VOID_PENDING pending)
0:00:07.171303237 [35m495016[00m   0x7f8001d760 [36mINFO   [00m [00;01;31m          GST_STATES gstbin.c:2935:gst_bin_change_state_func:<bin0>[00m child 'v4l2h264enc0' changed state to 3(PAUSED) successfully
0:00:07.171316571 [35m495016[00m   0x7f8001d760 [36mINFO   [00m [00;01;31m          GST_STATES gstbin.c:2479:gst_bin_element_set_state:<queue0>[00m current READY pending VOID_PENDING, desired next PAUSED
0:00:07.171399255 [35m495016[00m   0x7f8001d760 [36mINFO   [00m [00m                task gsttask.c:516:gst_task_set_lock:[00m setting stream lock 0x7f8000e640 on task 0x7f80049710
0:00:07.171419533 [35m495016[00m   0x7f8001d760 [36mINFO   [00m [00;01;31;44m            GST_PADS gstpad.c:6330:gst_pad_start_task:<queue0:src>[00m created task 0x7f80049710
0:00:07.171708402 [35m495016[00m   0x7f8001d760 [36mINFO   [00m [00;01;31m          GST_STATES gstelement.c:2816:gst_element_continue_state:<queue0>[00m completed state change to PAUSED
0:00:07.171731902 [35m495016[00m   0x7f8001d760 [36mINFO   [00m [00;01;31m          GST_STATES gstelement.c:2716:_priv_gst_element_state_changed:<queue0>[00m notifying about state-changed READY to PAUSED (VOID_PENDING pending)
0:00:07.171760347 [35m495016[00m   0x7f8001d760 [36mINFO   [00m [00;01;31m          GST_STATES gstbin.c:2935:gst_bin_change_state_func:<bin0>[00m child 'queue0' changed state to 3(PAUSED) successfully
0:00:07.171778439 [35m495016[00m   0x7f8001d760 [36mINFO   [00m [00;01;31m          GST_STATES gstbin.c:2479:gst_bin_element_set_state:<mysrc>[00m current READY pending VOID_PENDING, desired next PAUSED
0:00:07.171858865 [35m495016[00m   0x7f8001d760 [36mINFO   [00m [00m             basesrc gstbasesrc.c:1435:gst_base_src_do_seek:<mysrc>[00m seeking: time segment start=0:00:00.000000000, offset=0:00:00.000000000, stop=99:99:99.999999999, rate=1.000000, applied_rate=1.000000, flags=0x00, time=0:00:00.000000000, base=0:00:00.000000000, position 0:00:00.000000000, duration 99:99:99.999999999
0:00:07.171892402 [35m495016[00m   0x7f8001d760 [36mINFO   [00m [00m                task gsttask.c:516:gst_task_set_lock:[00m setting stream lock 0x7f8000e1a0 on task 0x7f80049830
0:00:07.171904290 [35m495016[00m   0x7f8001d760 [36mINFO   [00m [00;01;31;44m            GST_PADS gstpad.c:6330:gst_pad_start_task:<mysrc:src>[00m created task 0x7f80049830
0:00:07.172395103 [35m495016[00m   0x7f8001d760 [36mINFO   [00m [00;01;31m          GST_STATES gstelement.c:2816:gst_element_continue_state:<mysrc>[00m completed state change to PAUSED
0:00:07.172452751 [35m495016[00m   0x7f8001d760 [36mINFO   [00m [00;01;31m          GST_STATES gstelement.c:2716:_priv_gst_element_state_changed:<mysrc>[00m notifying about state-changed READY to PAUSED (VOID_PENDING pending)
0:00:07.172493862 [35m495016[00m   0x7f8001d760 [36mINFO   [00m [00;01;31m          GST_STATES gstbin.c:2978:gst_bin_change_state_func:<bin0>[00m child 'mysrc' changed state to 3(PAUSED) successfully without preroll
0:00:07.172522677 [35m495016[00m   0x7f8001d760 [36mINFO   [00m [00;01;31m          GST_STATES gstelement.c:2816:gst_element_continue_state:<bin0>[00m completed state change to PAUSED
0:00:07.172536362 [35m495016[00m   0x7f8001d760 [36mINFO   [00m [00;01;31m          GST_STATES gstelement.c:2716:_priv_gst_element_state_changed:<bin0>[00m notifying about state-changed READY to PAUSED (VOID_PENDING pending)
0:00:07.172556621 [35m495016[00m   0x7f8001d760 [36mINFO   [00m [00;01;31m          GST_STATES gstbin.c:2978:gst_bin_change_state_func:<media-pipeline>[00m child 'bin0' changed state to 3(PAUSED) successfully without preroll
0:00:07.172573269 [35m495016[00m   0x7f8001d760 [36mINFO   [00m [00;01m            pipeline gstpipeline.c:533:gst_pipeline_change_state:<media-pipeline>[00m pipeline is live
0:00:07.172582214 [35m495016[00m   0x7f8001d760 [36mINFO   [00m [00;01;31m          GST_STATES gstelement.c:2816:gst_element_continue_state:<media-pipeline>[00m completed state change to PAUSED
0:00:07.172591491 [35m495016[00m   0x7f8001d760 [36mINFO   [00m [00;01;31m          GST_STATES gstelement.c:2716:_priv_gst_element_state_changed:<media-pipeline>[00m notifying about state-changed READY to PAUSED (VOID_PENDING pending)
0:00:07.172605306 [35m495016[00m   0x7f8001d760 [36mINFO   [00m [00m           rtspmedia rtsp-media.c:3595:start_preroll:[00m NO_PREROLL state change: live media 0x7f800531b0
0:00:07.172616695 [35m495016[00m   0x7f8001d760 [36mINFO   [00m [00m           rtspmedia rtsp-media.c:3156:set_state:[00m set state to PLAYING for media 0x7f800531b0
0:00:07.172711602 [35m495016[00m   0x7f8001d760 [36mINFO   [00m [00;01;34m           GST_EVENT gstevent.c:1557:gst_event_new_latency:[00m creating latency event 0:00:00.000000000
0:00:07.172738435 [35m495016[00m   0x7f8001d760 [36mINFO   [00m [00;01m                 bin gstbin.c:2766:gst_bin_do_latency_func:<media-pipeline>[00m configured latency of 0:00:00.000000000
0:00:07.172772787 [35m495016[00m   0x7f8001d760 [36mINFO   [00m [00;01;31m          GST_STATES gstbin.c:2479:gst_bin_element_set_state:<rtpbin0>[00m current PAUSED pending VOID_PENDING, desired next PLAYING
0:00:07.172799509 [35m495016[00m   0x7f8001d760 [36mINFO   [00m [00;01;31m          GST_STATES gstbin.c:2479:gst_bin_element_set_state:<rtpstorage0>[00m current PAUSED pending VOID_PENDING, desired next PLAYING
0:00:07.172810194 [35m495016[00m   0x7f8001d760 [36mINFO   [00m [00;01;31m          GST_STATES gstelement.c:2816:gst_element_continue_state:<rtpstorage0>[00m completed state change to PLAYING
0:00:07.172819472 [35m495016[00m   0x7f8001d760 [36mINFO   [00m [00;01;31m          GST_STATES gstelement.c:2716:_priv_gst_element_state_changed:<rtpstorage0>[00m notifying about state-changed PAUSED to PLAYING (VOID_PENDING pending)
0:00:07.172838416 [35m495016[00m   0x7f8001d760 [36mINFO   [00m [00;01;31m          GST_STATES gstbin.c:2935:gst_bin_change_state_func:<rtpbin0>[00m child 'rtpstorage0' changed state to 4(PLAYING) successfully
0:00:07.172852139 [35m495016[00m   0x7f8001d760 [36mINFO   [00m [00;01;31m          GST_STATES gstbin.c:2479:gst_bin_element_set_state:<rtpssrcdemux0>[00m current PAUSED pending VOID_PENDING, desired next PLAYING
0:00:07.172862805 [35m495016[00m   0x7f8001d760 [36mINFO   [00m [00;01;31m          GST_STATES gstelement.c:2816:gst_element_continue_state:<rtpssrcdemux0>[00m completed state change to PLAYING
0:00:07.172877842 [35m495016[00m   0x7f8001d760 [36mINFO   [00m [00;01;31m          GST_STATES gstelement.c:2716:_priv_gst_element_state_changed:<rtpssrcdemux0>[00m notifying about state-changed PAUSED to PLAYING (VOID_PENDING pending)
0:00:07.172892786 [35m495016[00m   0x7f8001d760 [36mINFO   [00m [00;01;31m          GST_STATES gstbin.c:2935:gst_bin_change_state_func:<rtpbin0>[00m child 'rtpssrcdemux0' changed state to 4(PLAYING) successfully
0:00:07.172907083 [35m495016[00m   0x7f8001d760 [36mINFO   [00m [00;01;31m          GST_STATES gstbin.c:2479:gst_bin_element_set_state:<rtpsession0>[00m current PAUSED pending VOID_PENDING, desired next PLAYING
0:00:07.173148137 [35m495016[00m   0x7f8001d760 [36mINFO   [00m [00;01;31m          GST_STATES gstelement.c:2816:gst_element_continue_state:<rtpsession0>[00m completed state change to PLAYING
0:00:07.173170008 [35m495016[00m   0x7f8001d760 [36mINFO   [00m [00;01;31m          GST_STATES gstelement.c:2716:_priv_gst_element_state_changed:<rtpsession0>[00m notifying about state-changed PAUSED to PLAYING (VOID_PENDING pending)
0:00:07.173201137 [35m495016[00m   0x7f8001d760 [36mINFO   [00m [00;01;31m          GST_STATES gstbin.c:2935:gst_bin_change_state_func:<rtpbin0>[00m child 'rtpsession0' changed state to 4(PLAYING) successfully
0:00:07.173221322 [35m495016[00m   0x7f8001d760 [36mINFO   [00m [00;01;31m          GST_STATES gstelement.c:2816:gst_element_continue_state:<rtpbin0>[00m completed state change to PLAYING
0:00:07.173230618 [35m495016[00m   0x7f8001d760 [36mINFO   [00m [00;01;31m          GST_STATES gstelement.c:2716:_priv_gst_element_state_changed:<rtpbin0>[00m notifying about state-changed PAUSED to PLAYING (VOID_PENDING pending)
0:00:07.173248174 [35m495016[00m   0x7f8001d760 [36mINFO   [00m [00;01;31m          GST_STATES gstbin.c:2935:gst_bin_change_state_func:<media-pipeline>[00m child 'rtpbin0' changed state to 4(PLAYING) successfully
0:00:07.173291766 [35m495016[00m   0x7f8001d760 [36mINFO   [00m [00;01;31m          GST_STATES gstbin.c:2479:gst_bin_element_set_state:<pay0>[00m current PAUSED pending VOID_PENDING, desired next PLAYING
0:00:07.173308914 [35m495016[00m   0x7f8001d760 [36mINFO   [00m [00;01;31m          GST_STATES gstelement.c:2816:gst_element_continue_state:<pay0>[00m completed state change to PLAYING
0:00:07.173318637 [35m495016[00m   0x7f8001d760 [36mINFO   [00m [00;01;31m          GST_STATES gstelement.c:2716:_priv_gst_element_state_changed:<pay0>[00m notifying about state-changed PAUSED to PLAYING (VOID_PENDING pending)
0:00:07.173334951 [35m495016[00m   0x7f8001d760 [36mINFO   [00m [00;01;31m          GST_STATES gstbin.c:2935:gst_bin_change_state_func:<bin0>[00m child 'pay0' changed state to 4(PLAYING) successfully
0:00:07.173350211 [35m495016[00m   0x7f8001d760 [36mINFO   [00m [00;01;31m          GST_STATES gstbin.c:2479:gst_bin_element_set_state:<capsfilter0>[00m current PAUSED pending VOID_PENDING, desired next PLAYING
0:00:07.173360692 [35m495016[00m   0x7f8001d760 [36mINFO   [00m [00;01;31m          GST_STATES gstelement.c:2816:gst_element_continue_state:<capsfilter0>[00m completed state change to PLAYING
0:00:07.173369488 [35m495016[00m   0x7f8001d760 [36mINFO   [00m [00;01;31m          GST_STATES gstelement.c:2716:_priv_gst_element_state_changed:<capsfilter0>[00m notifying about state-changed PAUSED to PLAYING (VOID_PENDING pending)
0:00:07.173383933 [35m495016[00m   0x7f8001d760 [36mINFO   [00m [00;01;31m          GST_STATES gstbin.c:2935:gst_bin_change_state_func:<bin0>[00m child 'capsfilter0' changed state to 4(PLAYING) successfully
0:00:07.173398118 [35m495016[00m   0x7f8001d760 [36mINFO   [00m [00;01;31m          GST_STATES gstbin.c:2479:gst_bin_element_set_state:<v4l2h264enc0>[00m current PAUSED pending VOID_PENDING, desired next PLAYING
0:00:07.173413062 [35m495016[00m   0x7f8001d760 [36mINFO   [00m [00;01;31m          GST_STATES gstelement.c:2816:gst_element_continue_state:<v4l2h264enc0>[00m completed state change to PLAYING
0:00:07.173422062 [35m495016[00m   0x7f8001d760 [36mINFO   [00m [00;01;31m          GST_STATES gstelement.c:2716:_priv_gst_element_state_changed:<v4l2h264enc0>[00m notifying about state-changed PAUSED to PLAYING (VOID_PENDING pending)
0:00:07.173437284 [35m495016[00m   0x7f8001d760 [36mINFO   [00m [00;01;31m          GST_STATES gstbin.c:2935:gst_bin_change_state_func:<bin0>[00m child 'v4l2h264enc0' changed state to 4(PLAYING) successfully
0:00:07.173450303 [35m495016[00m   0x7f8001d760 [36mINFO   [00m [00;01;31m          GST_STATES gstbin.c:2479:gst_bin_element_set_state:<queue0>[00m current PAUSED pending VOID_PENDING, desired next PLAYING
0:00:07.173460081 [35m495016[00m   0x7f8001d760 [36mINFO   [00m [00;01;31m          GST_STATES gstelement.c:2816:gst_element_continue_state:<queue0>[00m completed state change to PLAYING
0:00:07.173468618 [35m495016[00m   0x7f8001d760 [36mINFO   [00m [00;01;31m          GST_STATES gstelement.c:2716:_priv_gst_element_state_changed:<queue0>[00m notifying about state-changed PAUSED to PLAYING (VOID_PENDING pending)
0:00:07.173492117 [35m495016[00m   0x7f8001d760 [36mINFO   [00m [00;01;31m          GST_STATES gstbin.c:2935:gst_bin_change_state_func:<bin0>[00m child 'queue0' changed state to 4(PLAYING) successfully
0:00:07.173511932 [35m495016[00m   0x7f8001d760 [36mINFO   [00m [00;01;31m          GST_STATES gstelement.c:2816:gst_element_continue_state:<mysrc>[00m completed state change to PLAYING
0:00:07.173521895 [35m495016[00m   0x7f8001d760 [36mINFO   [00m [00;01;31m          GST_STATES gstelement.c:2716:_priv_gst_element_state_changed:<mysrc>[00m notifying about state-changed PAUSED to PLAYING (VOID_PENDING pending)
0:00:07.173535951 [35m495016[00m   0x7f8001d760 [36mINFO   [00m [00;01;31m          GST_STATES gstbin.c:2935:gst_bin_change_state_func:<bin0>[00m child 'mysrc' changed state to 4(PLAYING) successfully
0:00:07.173547395 [35m495016[00m   0x7f8001d760 [36mINFO   [00m [00;01;31m          GST_STATES gstelement.c:2816:gst_element_continue_state:<bin0>[00m completed state change to PLAYING
0:00:07.173556284 [35m495016[00m   0x7f8001d760 [36mINFO   [00m [00;01;31m          GST_STATES gstelement.c:2716:_priv_gst_element_state_changed:<bin0>[00m notifying about state-changed PAUSED to PLAYING (VOID_PENDING pending)
0:00:07.173571876 [35m495016[00m   0x7f8001d760 [36mINFO   [00m [00;01;31m          GST_STATES gstbin.c:2935:gst_bin_change_state_func:<media-pipeline>[00m child 'bin0' changed state to 4(PLAYING) successfully
0:00:07.173583432 [35m495016[00m   0x7f8001d760 [36mINFO   [00m [00;01;31m          GST_STATES gstelement.c:2816:gst_element_continue_state:<media-pipeline>[00m completed state change to PLAYING
0:00:07.173596691 [35m495016[00m   0x7f8001d760 [36mINFO   [00m [00;01;31m          GST_STATES gstelement.c:2716:_priv_gst_element_state_changed:<media-pipeline>[00m notifying about state-changed PAUSED to PLAYING (VOID_PENDING pending)
0:00:07.173964467 [35m495016[00m   0x7f8001d760 [36mINFO   [00m [00m           rtspmedia rtsp-media.c:3391:default_handle_message:[00m 0x7f800531b0: got message type 2048 (new-clock)
0:00:07.173980856 [35m495016[00m   0x7f8c005a40 [36mINFO   [00m [00;01;37;41m    GST_ELEMENT_PADS gstelement.c:1013:gst_element_get_static_pad:[00m no such pad 'sink' in element "mysrc"
0:00:07.174038819 [35m495016[00m   0x7f8c005a40 [32;01mFIXME  [00m [00;04m             default gstutils.c:4031:gst_pad_create_stream_id_internal:<mysrc:src>[00m Creating random stream-id, consider implementing a deterministic way of creating a stream-id
0:00:07.174356169 [35m495016[00m   0x7f8c005a40 [36mINFO   [00m [00;01;34m           GST_EVENT gstevent.c:918:gst_event_new_caps:[00m creating caps event video/x-raw, format=(string)NV12, width=(int)1920, height=(int)1080, framerate=(fraction)30/1, interlace-mode=(string)progressive, colorimetry=(string)bt709
0:00:07.175309610 [35m495016[00m   0x7f8c005b60 [36mINFO   [00m [00;01;34m           GST_EVENT gstevent.c:918:gst_event_new_caps:[00m creating caps event video/x-h264, stream-format=(string)byte-stream, alignment=(string)au, level=(string)4, profile=(string)constrained-baseline, width=(int)1920, height=(int)1080, pixel-aspect-ratio=(fraction)1/1, framerate=(fraction)30/1, interlace-mode=(string)progressive, colorimetry=(string)bt709
0:00:07.175505757 [35m495016[00m   0x7f8c005b60 [36mINFO   [00m [00m       basetransform gstbasetransform.c:1326:gst_base_transform_setcaps:<capsfilter0>[00m reuse caps
0:00:07.175558054 [35m495016[00m   0x7f8c005b60 [36mINFO   [00m [00;01;34m           GST_EVENT gstevent.c:918:gst_event_new_caps:[00m creating caps event video/x-h264, stream-format=(string)byte-stream, alignment=(string)au, level=(string)4, profile=(string)constrained-baseline, width=(int)1920, height=(int)1080, pixel-aspect-ratio=(fraction)1/1, framerate=(fraction)30/1, interlace-mode=(string)progressive, colorimetry=(string)bt709
0:00:07.175726664 [35m495016[00m   0x7f8c005b60 [33;01mWARN   [00m [00m                v4l2 gstv4l2object.c:3228:gst_v4l2_object_reset_compose_region:<v4l2h264enc0:src>[00m Failed to get default compose rectangle with VIDIOC_G_SELECTION: Invalid argument
0:00:07.175744108 [35m495016[00m   0x7f8c005b60 [36mINFO   [00m [00m                v4l2 gstv4l2object.c:3164:gst_v4l2_object_setup_pool:<v4l2h264enc0:src>[00m accessing buffers via mode 4
0:00:07.175894589 [35m495016[00m   0x7f8c005a40 [36mINFO   [00m [00;01;34m           GST_EVENT gstevent.c:998:gst_event_new_segment:[00m creating segment event time segment start=0:00:00.000000000, offset=0:00:00.000000000, stop=99:99:99.999999999, rate=1.000000, applied_rate=1.000000, flags=0x00, time=0:00:00.000000000, base=0:00:00.000000000, position 0:00:00.000000000, duration 99:99:99.999999999
0:00:07.175937756 [35m495016[00m   0x7f8c005a40 [36mINFO   [00m [00m             basesrc gstbasesrc.c:3023:gst_base_src_loop:<mysrc>[00m marking pending DISCONT
0:00:07.176110496 [35m495016[00m   0x7f8c005b60 [36mINFO   [00m [00m      v4l2bufferpool gstv4l2bufferpool.c:586:gst_v4l2_buffer_pool_set_config:<v4l2h264enc0:pool0:src>[00m increasing minimum buffers to 2
0:00:07.176134866 [35m495016[00m   0x7f8c005b60 [36mINFO   [00m [00m      v4l2bufferpool gstv4l2bufferpool.c:599:gst_v4l2_buffer_pool_set_config:<v4l2h264enc0:pool0:src>[00m reducing maximum buffers to 32
0:00:07.176242699 [35m495016[00m   0x7f8c005b60 [36mINFO   [00m [00m      v4l2bufferpool gstv4l2bufferpool.c:599:gst_v4l2_buffer_pool_set_config:<v4l2h264enc0:pool0:src>[00m reducing maximum buffers to 32
0:00:07.176402958 [35m495016[00m   0x7f8c005b60 [36mINFO   [00m [00m                v4l2 gstv4l2object.c:4047:gst_v4l2_object_set_format_full:<v4l2h264enc0:sink>[00m Set output framerate to 30/1
0:00:07.176424976 [35m495016[00m   0x7f8c005b60 [33;01mWARN   [00m [00m                v4l2 gstv4l2object.c:3228:gst_v4l2_object_reset_compose_region:<v4l2h264enc0:sink>[00m Failed to get default compose rectangle with VIDIOC_G_SELECTION: Invalid argument
0:00:07.176434920 [35m495016[00m   0x7f8c005b60 [36mINFO   [00m [00m                v4l2 gstv4l2object.c:3164:gst_v4l2_object_setup_pool:<v4l2h264enc0:sink>[00m accessing buffers via mode 2
0:00:07.176439717 [35m495016[00m   0x7f8001d760 [36mINFO   [00m [00;01;34m           GST_EVENT gstevent.c:1557:gst_event_new_latency:[00m creating latency event 0:00:00.000000000
0:00:07.176468494 [35m495016[00m   0x7f8001d760 [36mINFO   [00m [00;01m                 bin gstbin.c:2766:gst_bin_do_latency_func:<media-pipeline>[00m configured latency of 0:00:00.000000000
0:00:07.176555568 [35m495016[00m   0x7f8c005b60 [36mINFO   [00m [00m      v4l2bufferpool gstv4l2bufferpool.c:586:gst_v4l2_buffer_pool_set_config:<v4l2h264enc0:pool0:sink>[00m increasing minimum buffers to 2
0:00:07.176569124 [35m495016[00m   0x7f8c005b60 [36mINFO   [00m [00m      v4l2bufferpool gstv4l2bufferpool.c:599:gst_v4l2_buffer_pool_set_config:<v4l2h264enc0:pool0:sink>[00m reducing maximum buffers to 32
0:00:07.187422136 [35m495016[00m   0x7f8c005b60 [33;01mWARN   [00m [00m      v4l2bufferpool gstv4l2bufferpool.c:850:gst_v4l2_buffer_pool_start:<v4l2h264enc0:pool0:src>[00m Uncertain or not enough buffers, enabling copy threshold
0:00:07.188087744 [35m495016[00m   0x7f8c005b60 [36mINFO   [00m [00m                task gsttask.c:516:gst_task_set_lock:[00m setting stream lock 0x7f8000eae0 on task 0x7f7c002830
0:00:07.188111411 [35m495016[00m   0x7f8c005b60 [36mINFO   [00m [00;01;31;44m            GST_PADS gstpad.c:6330:gst_pad_start_task:<v4l2h264enc0:src>[00m created task 0x7f7c002830
