========================================================
   Zero-Copy Camera to RTSP Streamer (v27 - Single Stream)
========================================================
[INFO] Initializing CameraStreamer...
[150:21:26.331238487] [481915] [1;32m INFO [1;37mCamera [1;34mcamera_manager.cpp:326 [0mlibcamera v0.5.0+59-d83ff0a4
[150:21:26.360434311] [481919] [1;33m WARN [1;37mRPiSdn [1;34msdn.cpp:40 [0mUsing legacy SDN tuning - please consider moving SDN inside rpi.denoise
[150:21:26.362443099] [481919] [1;32m INFO [1;37mRPI [1;34mvc4.cpp:447 [0mRegistered camera /base/soc/i2c0mux/i2c@1/imx708@1a to Unicam device /dev/media0 and ISP device /dev/media2
[INFO] Using camera: /base/soc/i2c0mux/i2c@1/imx708@1a
[INFO] RTSP stream config (H.264): [150:21:26.362844209] [481915] [1;33m WARN [1;37mFormats [1;34mformats.cpp:1006 [0mUnsupported pixel format 0x34363248
1920x1080-<H264>
[150:21:26.362885097] [481915] [1;33m WARN [1;37mFormats [1;34mformats.cpp:1006 [0mUnsupported pixel format 0x34363248
[150:21:26.362896931] [481915] [1;33m WARN [1;37mFormats [1;34mformats.cpp:1006 [0mUnsupported pixel format 0x34363248
[150:21:26.362958079] [481915] [1;33m WARN [1;37mFormats [1;34mformats.cpp:1006 [0mUnsupported pixel format 0x34363248
[150:21:26.362972745] [481915] [1;33m WARN [1;37mFormats [1;34mformats.cpp:1006 [0mUnsupported pixel format 0x34363248
[150:21:26.363055652] [481915] [1;32m INFO [1;37mCamera [1;34mcamera.cpp:1205 [0mconfiguring streams: (0) 1920x1080-YUYV
[150:21:26.363701464] [481919] [1;32m INFO [1;37mRPI [1;34mvc4.cpp:622 [0mSensor: /base/soc/i2c0mux/i2c@1/imx708@1a - Selected sensor format: 2304x1296-SBGGR10_1X10 - Selected unicam format: 2304x1296-pBAA
[INFO] Camera configured.
[INFO] Actual RTSP stream format: YUYV
[INFO] Initializing GStreamer...
0:00:00.000206740 [32m481915[00m   0x5596b77e00 [36mINFO   [00m [00;01;31m            GST_INIT gst.c:576:init_pre:[00m Initializing GStreamer Core Library version 1.22.0
0:00:00.000265758 [32m481915[00m   0x5596b77e00 [36mINFO   [00m [00;01;31m            GST_INIT gst.c:577:init_pre:[00m Using library installed in /lib/aarch64-linux-gnu
0:00:00.000291980 [32m481915[00m   0x5596b77e00 [36mINFO   [00m [00;01;31m            GST_INIT gst.c:595:init_pre:[00m Linux raspberrypi 6.12.34+rpt-rpi-v8 #1 SMP PREEMPT Debian 1:6.12.34-1+rpt1~bookworm (2025-06-26) aarch64
0:00:00.000747830 [32m481915[00m   0x5596b77e00 [36mINFO   [00m [00;01;31m            GST_INIT gstmessage.c:129:_priv_gst_message_initialize:[00m init messages
0:00:00.001672993 [32m481915[00m   0x5596b77e00 [36mINFO   [00m [00;01;31m            GST_INIT gstcontext.c:86:_priv_gst_context_initialize:[00m init contexts
0:00:00.002101010 [32m481915[00m   0x5596b77e00 [36mINFO   [00m [00;01;36m  GST_PLUGIN_LOADING gstplugin.c:324:_priv_gst_plugin_initialize:[00m registering 0 static plugins
0:00:00.002355898 [32m481915[00m   0x5596b77e00 [36mINFO   [00m [00;01;36m  GST_PLUGIN_LOADING gstplugin.c:232:gst_plugin_register_static:[00m registered static plugin "staticelements"
0:00:00.002376231 [32m481915[00m   0x5596b77e00 [36mINFO   [00m [00;01;36m  GST_PLUGIN_LOADING gstplugin.c:234:gst_plugin_register_static:[00m added static plugin "staticelements", result: 1
0:00:00.002489564 [32m481915[00m   0x5596b77e00 [36mINFO   [00m [00m        GST_REGISTRY gstregistry.c:1836:ensure_current_registry:[00m reading registry cache: /home/pi/.cache/gstreamer-1.0/registry.aarch64.bin
0:00:00.033076567 [32m481915[00m   0x5596b77e00 [36mINFO   [00m [00m        GST_REGISTRY gstregistrybinary.c:683:priv_gst_registry_binary_read_cache:[00m loaded /home/pi/.cache/gstreamer-1.0/registry.aarch64.bin in 0.030518 seconds
0:00:00.033270400 [32m481915[00m   0x5596b77e00 [36mINFO   [00m [00m        GST_REGISTRY gstregistry.c:1703:scan_and_update_registry:[00m Validating plugins from registry cache: /home/pi/.cache/gstreamer-1.0/registry.aarch64.bin
0:00:00.035759593 [32m481915[00m   0x5596b77e00 [36mINFO   [00m [00m        GST_REGISTRY gstregistry.c:1795:scan_and_update_registry:[00m Registry cache has not changed
0:00:00.035795445 [32m481915[00m   0x5596b77e00 [36mINFO   [00m [00m        GST_REGISTRY gstregistry.c:1871:ensure_current_registry:[00m registry reading and updating done
0:00:00.035810704 [32m481915[00m   0x5596b77e00 [36mINFO   [00m [00;01;31m            GST_INIT gst.c:805:init_post:[00m GLib runtime version: 2.74.6
0:00:00.035820686 [32m481915[00m   0x5596b77e00 [36mINFO   [00m [00;01;31m            GST_INIT gst.c:807:init_post:[00m GLib headers version: 2.74.6
0:00:00.035827019 [32m481915[00m   0x5596b77e00 [36mINFO   [00m [00;01;31m            GST_INIT gst.c:809:init_post:[00m initialized GStreamer successfully
[INFO] Setting up DMA buffers...
[INFO] 8 RTSP (H.264) DMA buffers mapped.
[INFO] Starting RTSP Server...
[DEBUG] GStreamer Pipeline: appsrc name=mysrc ! video/x-h264,stream-format=avc,alignment=au ! rtph264pay name=pay0 pt=96 config-interval=-1
0:00:00.051732176 [32m481915[00m   0x5596b77e00 [36mINFO   [00m [00m     rtspmountpoints rtsp-mount-points.c:360:gst_rtsp_mount_points_add_factory:[00m adding media factory 0x5596df5480 for path /stream
[INFO] RTSP stream ready at: rtsp://<your-ip-address>:8554/stream
[INFO] Starting camera...
terminate called after throwing an instance of 'std::out_of_range'
  what():  unordered_map::at
